Case #1: 1 0
Case #2: 1 0
Case #3: 1 1
Case #4: 0 0
Case #5: 500 499
Case #6: 0 0
Case #7: 0 0
Case #8: 0 0
Case #9: 0 0
Case #10: 1 0
Case #11: 0 0
Case #12: 1 1
Case #13: 0 0
Case #14: 0 0
Case #15: 0 0
Case #16: 1 1
Case #17: 0 0
Case #18: 1 1
Case #19: 0 0
Case #20: 0 0
Case #21: 0 0
Case #22: 1 0
Case #23: 0 0
Case #24: 0 0
Case #25: 0 0
Case #26: 3 2
Case #27: 0 0
Case #28: 0 0
Case #29: 0 0
Case #30: 0 0
Case #31: 1 0
Case #32: 0 0
Case #33: 125 124
Case #34: 1 1
Case #35: 3 3
Case #36: 1 0
Case #37: 250 249
Case #38: 1 0
Case #39: 1 0
Case #40: 0 0
Case #41: 0 0
Case #42: 1 0
Case #43: 1 0
Case #44: 0 0
Case #45: 7 6
Case #46: 0 0
Case #47: 0 0
Case #48: 0 0
Case #49: 2 2
Case #50: 0 0
Case #51: 0 0
Case #52: 1 1
Case #53: 249 249
Case #54: 0 0
Case #55: 1 0
Case #56: 1 1
Case #57: 0 0
Case #58: 250 249
Case #59: 0 0
Case #60: 3 3
Case #61: 0 0
Case #62: 0 0
Case #63: 1 1
Case #64: 0 0
Case #65: 0 0
Case #66: 1 0
Case #67: 3 2
Case #68: 0 0
Case #69: 3 2
Case #70: 2 1
Case #71: 0 0
Case #72: 7 6
Case #73: 1 0
Case #74: 3 3
Case #75: 1 0
Case #76: 499 499
Case #77: 0 0
Case #78: 0 0
Case #79: 0 0
Case #80: 0 0
Case #81: 1 0
Case #82: 0 0
Case #83: 0 0
Case #84: 0 0
Case #85: 1 0
Case #86: 1 0
Case #87: 1 0
Case #88: 0 0
Case #89: 1 1
Case #90: 1 1
Case #91: 1 0
Case #92: 0 0
Case #93: 3 3
Case #94: 1 0
Case #95: 1 1
Case #96: 0 0
Case #97: 3 2
Case #98: 0 0
Case #99: 0 0
Case #100: 0 0
