Case #1:
GCJ
GCJ
GCJ
Case #2:
CODE
CODE
CJAM
Case #3:
CA
KE
Case #4:
XXXXXNYMAWWWWWWWWWWWWWWWW
XXXXXNYMAWWWWWWWWWWWWWWWW
XXXXXNYMAWWWWWWWWWWWWWWWW
XXXXXNYMAWWWWWWWWWWWWWWWW
XXXXXNYMAUHDFTTTPLSSSSSSS
XXXXXNYKAUHDFTTTPLSSSSSSS
XXXXXNYKABHDFTTTPLSSSSSSS
XXXXXNYKABHDFTTTPLCCCCCCC
XXXXXNYKQBHEFTTTPLCCCCCCC
XXXXXNYKQBHEIOOVPLCCCCCCC
XXXXXNYKQBHEZOOVPLCCCCCCC
XXXXXNYKQBHEZOOVPLCCCCCCC
XXXXXNYKQBHEZOOVPLCCCCCCC
XXXXXNYKQGJRZOOVPLCCCCCCC
XXXXXNYKQGJRZOOVPLCCCCCCC
XXXXXNYKQGJRZOOVPLCCCCCCC
XXXXXNYKQGJRZOOVPLCCCCCCC
XXXXXNYKQGJRZOOVPLCCCCCCC
XXXXXNYKQGJRZOOVPLCCCCCCC
XXXXXNYKQGJRZOOVPLCCCCCCC
XXXXXNYKQGJRZOOVPLCCCCCCC
XXXXXNYKQGJRZOOVPLCCCCCCC
XXXXXNYKQGJRZOOVPLCCCCCCC
XXXXXNYKQGJRZOOVPLCCCCCCC
XXXXXNYKQGJRZOOVPLCCCCCCC
Case #5:
CX
CX
FX
JX
JX
JN
JH
JH
ZK
EV
AD
AU
LU
LU
QU
WB
WY
WY
MY
MR
MG
MG
TP
SI
OI
Case #6:
JCCTTTTTTNYYIUKWBBBXHHVQQ
JCCTTTTTTNYYIUKWBBBXHHVQQ
JCCTTTTTTNYYIUKWBBBXHHVQQ
JCCTTTTTTNYYIUKWBBBXHHVQQ
JCCTTTTTTNYYIUKWBBBXHHVQQ
JCCEEEEEENYYIUKWBBBXHHVQQ
JCCEEEEEENYYIUKWBBBXHHVQQ
JCCEEEEEENYYIUKWBBBXHHVQQ
JCCEEEEEENYYIUKWBBBXHHVQQ
JCCEEEEEENYYIUKWBBBXHHVQQ
JCCRRPPGGNYYIUKWBBBXHHVQQ
JCCRRPPGGNYYIUKWSDDXHHVQQ
JCCRRPPGGNYYIUKWSDDXHHVQQ
JCCRRPPGGNYYIUKWSDDXHHVQQ
JCCRRPPGGNYYIUKLSDDXHHVQQ
JCCRRPPGGMYYIUKFSDDXHHVQQ
JCCRRPPGGMYYIUKFSDDOHHVQQ
JCCRRPPGGMYYIUKFSDDOHHVQQ
JCCRRPPGGMYYIUKFSDDOHHVQQ
JCCRRPPGGMYYIUKFSDDOHHVQQ
JCCRRPPGGMYYIUKFSDDOHHVQQ
JCCRRPPGGMYYIUKFSDDOHHVQQ
JCCRRPPGGMYYIUKFSDDOAAVQQ
JCCRRPPGGMYYIUKFSDDOAAVQQ
Case #7:
CB
CA
Case #8:
FFGGG
FFEEB
FFEEB
DDHCB
JAIKB
Case #9:
GGGAD
GGGAD
GGGAF
GGGAB
GGGCH
GGGCE
GGGCE
Case #10:
SSGGMUWBYOTTTTIIKKAAPPNDQ
SSGGMUWBYOTTTTIIKKAAPPNDQ
SSGGMUWBYOTTTTIIKKAAPPNDQ
SSGGMUWBYOTTTTIIKKAAPPNDQ
SSGGMUWBYOTTTTIIKKAAPPNDQ
SSGGMUWBYOTTTTLLKKAAPPNDQ
SSGGMUWBYOTTTTLLKKAAPPNDQ
SSGGMUWBYOTTTTLLKKAAPPNDQ
SSGGMUWBYOTTTTLLKKAAPPNDQ
SSGGMUWBYOTTTTLLKKAAPPNDQ
SSGGMUWBYOTTTTLLKKAAPPNDQ
SSGGMUWBYOTTTTLLKKAAPPNDQ
SSGGMUWBYOTTTTLLKKAAPPNDQ
SSGGMFWBYOTTTTLLKKAAPPNDQ
SSGGMFWBYOTTTTCJKKAAPPNDQ
SSGGMFWBYOTTTTCJKKAAPPNDQ
SSGGMFWBYOTTTTCJREAAPPNDQ
SSGGMFWBYOTTTTCJREAAPPNDQ
SSGGMFWBYOTTTTCJREAAPPNDQ
HHGGMFWBYOXXXXCJREAAPPNDQ
HHGGMFWBYOXXXXCJREAAPPNDQ
HHGGMFWBYOXXXXCJREAAPPNDV
HHGGMFWBYOXXXXCJREZZPPNDV
HHGGMFWBYOXXXXCJREZZPPNDV
HHGGMFWBYOXXXXCJREZZPPNDV
Case #11:
AA
Case #12:
ABCDEFGHIJKLMNOPQRSTUVWXY
ABCDEFGHIJKLMNOPQRSTUVWXY
ABCDEFGHIJKLMNOPQRSTUVWXY
ABCDEFGHIJKLMNOPQRSTUVWXY
ABCDEFGHIJKLMNOPQRSTUVWXY
ABCDEFGHIJKLMNOPQRSTUVWXY
ABCDEFGHIJKLMNOPQRSTUVWXY
ABCDEFGHIJKLMNOPQRSTUVWXY
ABCDEFGHIJKLMNOPQRSTUVWXY
ABCDEFGHIJKLMNOPQRSTUVWXY
ABCDEFGHIJKLMNOPQRSTUVWXY
ABCDEFGHIJKLMNOPQRSTUVWXY
ABCDEFGHIJKLMNOPQRSTUVWXY
ABCDEFGHIJKLMNOPQRSTUVWXY
ABCDEFGHIJKLMNOPQRSTUVWXY
ABCDEFGHIJKLMNOPQRSTUVWXY
ABCDEFGHIJKLMNOPQRSTUVWXY
ABCDEFGHIJKLMNOPQRSTUVWXY
ABCDEFGHIJKLMNOPQRSTUVWXY
ABCDEFGHIJKLMNOPQRSTUVWXY
ABCDEFGHIJKLMNOPQRSTUVWXY
ABCDEFGHIJKLMNOPQRSTUVWXY
ABCDEFGHIJKLMNOPQRSTUVWXY
ABCDEFGHIJKLMNOPQRSTUVWXY
ABCDEFGHIJKLMNOPQRSTUVWXY
Case #13:
HHHIIIQGKNORRZZCCCAATTWWL
HHHIIIQGKNORRZZCCCAATTWWL
HHHIIIQGKNORRZZCCCAATTWWL
HHHIIIQGKNORRZZCCCAATTWWL
HHHIIIQGKNORRZZCCCAATTWWL
HHHIIIQGKNORRZZCCCAATTWWL
HHHIIIQGKNORRZZCCCAATTWWL
HHHIIIQGKNORRZZCCCAATTWWL
HHHIIIQGKNORRZZCCCAATTWWL
HHHIIIQGKNORRZZCCCAATTWWL
HHHIIIQGKNORRZZDUUAATTWWL
HHHIIIQGKNORRXEDUUAATTWWL
HHHBBFVGKNORRXEDUUAATTWWL
YYYBBFVGKNORRXEDUUAATTWWL
YYYBBFVGKNORRXEDUUAATTWWL
YYYBBFVGKNORRXEDUUSSTTWWL
YYYBBFVGKNORRXEDUUSSTTWWL
YYYBBFVGKNORRXEDUUSSTTWWL
YYYBBFVGKNORRXEDUUSSTTWWL
YYYBBFVGKNORRXEDUUSSTTWWL
YYYBBFVGKNORRXEDUUSSTTWWL
YYYBBFVGKNORRXEDUUSSTTWWL
MMMBBFJGKNORRXEDUUSSTTWWL
MMMBBFJGKNORRXEDUUSSTTWWL
MMMBBFPGKNORRXEDUUSSTTWWL
Case #14:
EDD
BAA
CAA
CAA
CAA
Case #15:
WWWWFFFQTTTTTOOOOMMBYYYYY
WWWWFFFQTTTTTOOOOMMBYYYYY
WWWWFFFQTTTTTOOOOMMBJJNNZ
WWWWFFFQTTTTTOOOOMMBJJNNZ
WWWWFFFQTTTTTOOOOMMBJJNNZ
WWWWFFFQTTTTTOOOOMMBJJNNZ
WWWWRRRQTTTTTOOOOMMBJJNNZ
WWWWRRRQTTTTTOOOOMMBJJNNZ
WWWWRRRQTTTTTOOOOMMBJJNNZ
WWWWRRRQTTTTTOOOOMMBJJNNZ
WWWWRRRQTTTTTOOOOMMPJJNNZ
WWWWKXHQTTTTTOOOOMMPJJNNZ
WWWWKXHQTTTTTOOOOMMPJJNNZ
DDDDKXHQTTTTTOOOOMMPJJNNS
DDDDKXHQTTTTTOOOOMMPJJUUS
DDDDKXHQTTTTTACCCMMPJJUUS
DDDDKXHQTTTTTACCCMMPJJUUS
DDDDKXHQEELLVACCCGGPJJUUS
DDDDKXHQEELLVACCCGGPJJUUS
DDDDKXHQEELLVACCCGGPJJUUS
DDDDKXHQEELLVACCCGGPJJUUS
DDDDKXHQIILLVACCCGGPJJUUS
DDDDKXHQIILLVACCCGGPJJUUS
DDDDKXHQIILLVACCCGGPJJUUS
DDDDKXHQIILLVACCCGGPJJUUS
Case #16:
FFFFFFFFFFFFFFFFFFGCTOZZZ
FFFFFFFFFFFFFFFFFFGCTOZZZ
FFFFFFFFFFFFFFFFFFGCTOZZZ
FFFFFFFFFFFFFFFFFFGCTOZZZ
FFFFFFFFFFFFFFFFFFGCTOZZZ
FFFFFFFFFFFFFFFFFFGCTOZZZ
FFFFFFFFFFFFFFFFFFGCTOZZZ
FFFFFFFFFFFFFFFFFFGCTOZZZ
FFFFFFFFFFFFFFFFFFGCTOZZZ
FFFFFFFFFFFFFFFFFFGCTOZZZ
FFFFFFFFFFFFFFFFFFGCTOZZZ
FFFFFFFFFFFFFFFFFFGCTOZZZ
FFFFFFFFFFFFFFFFFFGCKOZZZ
FFFFFFFFFFFFFFFFFFGCKIDDD
VVVVVVVVVVVVVVVVVVSCWXDDD
VVVVVVVVVVVVVVVVVVSUWXJJE
VVVVVVVVVVVVVVVVVVQUWXJJE
BBBBBBBBBBBBBBBBBBQHYXNAE
BBBBBBBBBBBBBBBBBBQPYXNAE
BBBBBBBBBBBBBBBBBBQMYLNAE
BBBBBBBBBBBBBBBBBBQMRLNAE
BBBBBBBBBBBBBBBBBBQMRLNAE
BBBBBBBBBBBBBBBBBBQMRLNAE
BBBBBBBBBBBBBBBBBBQMRLNAE
BBBBBBBBBBBBBBBBBBQMRLNAE
Case #17:
GJCCK
LAMIH
EABDF
Case #18:
AAA
AAA
DCC
BCC
Case #19:
RRRRRRRRRRRRRRRRRRRSUQIYY
RRRRRRRRRRRRRRRRRRRSUQIYY
RRRRRRRRRRRRRRRRRRRSUQIYY
RRRRRRRRRRRRRRRRRRRSUQIYY
RRRRRRRRRRRRRRRRRRRSUQIYY
RRRRRRRRRRRRRRRRRRRSUQIYY
RRRRRRRRRRRRRRRRRRRSUQIYY
RRRRRRRRRRRRRRRRRRRSUQIYY
RRRRRRRRRRRRRRRRRRRSUQIYY
RRRRRRRRRRRRRRRRRRRSUQIYY
RRRRRRRRRRRRRRRRRRRSUQIYY
RRRRRRRRRRRRRRRRRRRSUQIYY
RRRRRRRRRRRRRRRRRRRSUQIYY
RRRRRRRRRRRRRRRRRRRSUQIYY
RRRRRRRRRRRRRRRRRRRSUQIYY
RRRRRRRRRRRRRRRRRRRSUQIFD
RRRRRRRRRRRRRRRRRRRSUQIFN
RRRRRRRRRRRRRRRRRRRSUQTFP
RRRRRRRRRRRRRRRRRRRHGJZVW
RRRRRRRRRRRRRRRRRRRHGJZVA
RRRRRRRRRRRRRRRRRRRLXCKVA
RRRRRRRRRRRRRRRRRRRLXCKMB
RRRRRRRRRRRRRRRRRRRLXCEMB
RRRRRRRRRRRRRRRRRRRLXCOMB
RRRRRRRRRRRRRRRRRRRLXCOMB
Case #20:
AAAAAAAAAAABBBBBBBBBBBBBB
AAAAAAAAAAABBBBBBBBBBBBBB
AAAAAAAAAAABBBBBBBBBBBBBB
AAAAAAAAAAABBBBBBBBBBBBBB
AAAAAAAAAAABBBBBBBBBBBBBB
AAAAAAAAAAABBBBBBBBBBBBBB
CCCCCCCEEEEBBBBBBBBBBBBBB
CCCCCCCEEEEDDDDDDDFHIJJJJ
CCCCCCCEEEEDDDDDDDFHIJJJJ
CCCCCCCEEEEDDDDDDDFHIJJJJ
CCCCCCCEEEEDDDDDDDFHIJJJJ
CCCCCCCEEEEDDDDDDDFHIJJJJ
CCCCCCCEEEEDDDDDDDFHIJJJJ
CCCCCCCEEEEDDDDDDDFHIJJJJ
CCCCCCCEEEEDDDDDDDFHIJJJJ
CCCCCCCEEEEDDDDDDDFHIJJJJ
CCCCCCCEEEEDDDDDDDFHIJJJJ
CCCCCCCEEEEDDDDDDDFHIJJJJ
CCCCCCCEEEEDDDDDDDFHIJJJJ
CCCCCCCEEEEDDDDDDDFHIJJJJ
CCCCCCCEEEEDDDDDDDFHIJJJJ
CCCCCCCEEEEDDDDDDDGHIJJJJ
CCCCCCCEEEEDDDDDDDGHIJJJJ
CCCCCCCEEEEDDDDDDDGHIJJJJ
CCCCCCCEEEEDDDDDDDGHIJJJJ
Case #21:
BBBBBBBBBBBBBBBBBBBBBBBBB
BBBBBBBBBBBBBBBBBBBBBBBBB
BBBBBBBBBBBBBBBBBBBBBBBBB
BBBBBBBBBBBBBBBBBBBBBBBBB
BBBBBBBBBBBBBBBBBBBBBBBBB
BBBBBBBBBBBBBBBBBBBBBBBBB
YYLLMTTTPPPPPPPPPPPPPPPPP
YYLLMTTTPPPPPPPPPPPPPPPPP
YYLLMTTTPPPPPPPPPPPPPPPPP
YYOAMTTTPPPPPPPPPPPPPPPPP
VVOAMTTTPPPPPPPPPPPPPPPPP
VVOAMTTTSSSSSSSSSSSSSSSSS
RROAZTTTNGGGGGGGGGGGGGGGG
RROAZTTTNGGGGGGGGGGGGGGGG
RROAZUQXNGGGGGGGGGGGGGGGG
JWOFZUQXNGGGGGGGGGGGGGGGG
HWOIZUQXNGGGGGGGGGGGGGGGG
HWEIZUQXNGGGGGGGGGGGGGGGG
HWEIZUQXNGGGGGGGGGGGGGGGG
HWEKZUQXNGGGGGGGGGGGGGGGG
HWEDZUQXNGGGGGGGGGGGGGGGG
HCEDZUQXNGGGGGGGGGGGGGGGG
HCEDZUQXNGGGGGGGGGGGGGGGG
HCEDZUQXNGGGGGGGGGGGGGGGG
HCEDZUQXNGGGGGGGGGGGGGGGG
Case #22:
AAAAAACDEEEEEEEEEFFFFFGGG
AAAAAACDEEEEEEEEEFFFFFGGG
AAAAAACDEEEEEEEEEFFFFFGGG
AAAAAACDEEEEEEEEEFFFFFGGG
AAAAAACDEEEEEEEEEFFFFFGGG
AAAAAACDEEEEEEEEEFFFFFGGG
AAAAAACDEEEEEEEEEFFFFFGGG
AAAAAACDEEEEEEEEEFFFFFGGG
AAAAAACDEEEEEEEEEFFFFFGGG
AAAAAACDEEEEEEEEEFFFFFGGG
BBBBBBCDEEEEEEEEEFFFFFGGG
BBBBBBCDEEEEEEEEEFFFFFGGG
BBBBBBCDEEEEEEEEEFFFFFGGG
BBBBBBCDEEEEEEEEEFFFFFGGG
BBBBBBCDEEEEEEEEEFFFFFGGG
BBBBBBCDEEEEEEEEEFFFFFGGG
BBBBBBCDEEEEEEEEEFFFFFGGG
BBBBBBCDEEEEEEEEEFFFFFGGG
BBBBBBCDEEEEEEEEEFFFFFGGG
BBBBBBCDEEEEEEEEEFFFFFGGG
BBBBBBCDEEEEEEEEEFFFFFGGG
BBBBBBCDEEEEEEEEEHJJJJGGG
BBBBBBCDEEEEEEEEEHJJJJIII
BBBBBBCDEEEEEEEEEHJJJJIII
BBBBBBCDEEEEEEEEEHJJJJIII
Case #23:
XXXXXXXXXXXXXXDDFEGLRWMMM
XXXXXXXXXXXXXXDDFEGLRWMMM
XXXXXXXXXXXXXXDDFEGLRWMMM
XXXXXXXXXXXXXXDDFEGLRWMMM
XXXXXXXXXXXXXXDDFEGLRWMMM
XXXXXXXXXXXXXXDDFEGLRWMMM
XXXXXXXXXXXXXXDDFEGLRWMMM
XXXXXXXXXXXXXXDDFEGLRWMMM
XXXXXXXXXXXXXXDDFEGLRWMMM
XXXXXXXXXXXXXXDDFEGLRWMMM
XXXXXXXXXXXXXXDDFEGLRWMMM
XXXXXXXXXXXXXXDDFEGLRWMMM
XXXXXXXXXXXXXXDDSKGLRWMMM
XXXXXXXXXXXXXXPPUBGNRWMMM
XXXXXXXXXXXXXXQAHBIYTWMMM
XXXXXXXXXXXXXXQAHBOCJWMMM
XXXXXXXXXXXXXXQAHBZCJWMMM
XXXXXXXXXXXXXXQAHVZCJWMMM
XXXXXXXXXXXXXXQAHVZCJWMMM
XXXXXXXXXXXXXXQAHVZCJWMMM
XXXXXXXXXXXXXXQAHVZCJWMMM
XXXXXXXXXXXXXXQAHVZCJWMMM
XXXXXXXXXXXXXXQAHVZCJWMMM
XXXXXXXXXXXXXXQAHVZCJWMMM
XXXXXXXXXXXXXXQAHVZCJWMMM
Case #24:
M
M
M
G
G
G
G
G
G
G
G
E
F
A
C
C
J
L
I
B
H
H
H
D
K
Case #25:
AAAA
AAAA
BBBB
BBBB
Case #26:
AAAAAAAAAAAAAAAAAAAAAAAAA
BBBBBBBBBBBBBBBBBBBBBBBBB
CCCCCCCCCCCCCCCCCCCCCCCCC
DDDDDDDDDDDDDDDDDDDDDDDDD
EEEEEEEEEEEEEEEEEEEEEEEEE
FFFFFFFFFFFFFFFFFFFFFFFFF
GGGGGGGGGGGGGGGGGGGGGGGGG
HHHHHHHHHHHHHHHHHHHHHHHHH
IIIIIIIIIIIIIIIIIIIIIIIII
JJJJJJJJJJJJJJJJJJJJJJJJJ
KKKKKKKKKKKKKKKKKKKKKKKKK
LLLLLLLLLLLLLLLLLLLLLLLLL
MMMMMMMMMMMMMMMMMMMMMMMMM
NNNNNNNNNNNNNNNNNNNNNNNNN
OOOOOOOOOOOOOOOOOOOOOOOOO
PPPPPPPPPPPPPPPPPPPPPPPPP
QQQQQQQQQQQQQQQQQQQQQQQQQ
RRRRRRRRRRRRRRRRRRRRRRRRR
SSSSSSSSSSSSSSSSSSSSSSSSS
TTTTTTTTTTTTTTTTTTTTTTTTT
UUUUUUUUUUUUUUUUUUUUUUUUU
VVVVVVVVVVVVVVVVVVVVVVVVV
WWWWWWWWWWWWWWWWWWWWWWWWW
XXXXXXXXXXXXXXXXXXXXXXXXX
YYYYYYYYYYYYYYYYYYYYYYYYY
Case #27:
DDDDOJILLUUUMMRFVTCCCGPZA
DDDDWJSHHQQQMMRXETYBKNPZA
Case #28:
BA
Case #29:
AAAAAAAAAAAAACDEEEEEEEEEE
AAAAAAAAAAAAACDEEEEEEEEEE
AAAAAAAAAAAAACDEEEEEEEEEE
AAAAAAAAAAAAACDEEEEEEEEEE
AAAAAAAAAAAAACDEEEEEEEEEE
AAAAAAAAAAAAACDEEEEEEEEEE
AAAAAAAAAAAAACDEEEEEEEEEE
AAAAAAAAAAAAACDEEEEEEEEEE
AAAAAAAAAAAAACDEEEEEEEEEE
AAAAAAAAAAAAACDEEEEEEEEEE
AAAAAAAAAAAAACDEEEEEEEEEE
AAAAAAAAAAAAACDEEEEEEEEEE
AAAAAAAAAAAAACDEEEEEEEEEE
AAAAAAAAAAAAACDEEEEEEEEEE
AAAAAAAAAAAAACDEEEEEEEEEE
AAAAAAAAAAAAACDEEEEEEEEEE
AAAAAAAAAAAAACDEEEEEEEEEE
AAAAAAAAAAAAACDEEEEEEEEEE
AAAAAAAAAAAAACDEEEEEEEEEE
AAAAAAAAAAAAACDEEEEEEEEEE
AAAAAAAAAAAAACDEEEEEEEEEE
AAAAAAAAAAAAACDEEEEEEEEEE
BBBBBBBBBBBBBCDEEEEEEEEEE
BBBBBBBBBBBBBCDEEEEEEEEEE
BBBBBBBBBBBBBCDEEEEEEEEEE
Case #30:
AAAACDEEEEEEFFFFFGGGGGGGG
AAAACDEEEEEEFFFFFGGGGGGGG
AAAACDEEEEEEFFFFFGGGGGGGG
AAAACDEEEEEEFFFFFGGGGGGGG
AAAACDEEEEEEFFFFFGGGGGGGG
AAAACDEEEEEEFFFFFGGGGGGGG
AAAACDEEEEEEFFFFFGGGGGGGG
AAAACDEEEEEEFFFFFGGGGGGGG
AAAACDEEEEEEFFFFFGGGGGGGG
AAAACDEEEEEEFFFFFGGGGGGGG
AAAACDEEEEEEFFFFFGGGGGGGG
BBBBCDEEEEEEFFFFFGGGGGGGG
BBBBCDEEEEEEFFFFFGGGGGGGG
BBBBCDEEEEEEFFFFFGGGGGGGG
BBBBCDEEEEEEFFFFFGGGGGGGG
BBBBCDEEEEEEFFFFFGGGGGGGG
BBBBCDEEEEEEFFFFFGGGGGGGG
BBBBCDEEEEEEFFFFFGGGGGGGG
BBBBCDEEEEEEHJJJJGGGGGGGG
BBBBCDEEEEEEHJJJJIIIIIIII
BBBBCDEEEEEEHJJJJIIIIIIII
BBBBCDEEEEEEHJJJJIIIIIIII
BBBBCDEEEEEEHJJJJIIIIIIII
BBBBCDEEEEEEHJJJJIIIIIIII
BBBBCDEEEEEEHJJJJIIIIIIII
Case #31:
NNNNFQRRRRRRRRBKHZZJWWWWP
NNNNFQRRRRRRRRBKHZZJWWWWP
NNNNFQRRRRRRRRBKHZZJWWWWP
NNNNFQRRRRRRRRBKHZZJWWWWP
NNNNFQRRRRRRRRBKHZZJWWWWP
NNNNFQRRRRRRRRBKHZZJWWWWP
NNNNFQRRRRRRRRBKHZZJWWWWP
NNNNFQRRRRRRRRBKHZZJWWWWP
NNNNFQRRRRRRRRBKHZZJWWWWP
NNNNFQRRRRRRRRBKHZZJWWWWP
NNNNFQRRRRRRRRBKHZZJWWWWP
NNNNFQOOTCXAVVBKHZZJWWWWP
NNNNFQOOTCXAVVBKHZZJWWWWP
NNNNFQOOTCXAVVBKHZZJWWWWP
NNNNFQOOTCXAVVBKHZZJWWWWP
NNNNFQOOTCXAVVBKHZZJWWWWP
NNNNFQOOTCXAVVBKHZZJWWWWS
NNNNFQOOTCXAVVBKHZZUEEEES
NNNNFQOOTCXAVVBKHZZLEEEES
NNNNYQOODCXAVVBIHZZLEEEES
NNNNYQOODCXAVVBIHZZLEEEEG
NNNNYQOODCXAVVBIHZZLEEEEG
NNNNYQOODCXAVVBIHZZLEEEEG
NNNNYQOODCXAVVBIHZZLEEEEG
NNNNYMOODCXAVVBIHZZLEEEEG
Case #32:
CHEIGA
FBJNOA
FMLQOA
FMDPOA
FMKPOA
FMKPOA
Case #33:
ABCDEFGHIJKLMNOPQRSTUVWXY
ABCDEFGHIJKLMNOPQRSTUVWXY
ABCDEFGHIJKLMNOPQRSTUVWXY
ABCDEFGHIJKLMNOPQRSTUVWXY
ABCDEFGHIJKLMNOPQRSTUVWXY
ABCDEFGHIJKLMNOPQRSTUVWXY
ABCDEFGHIJKLMNOPQRSTUVWXY
ABCDEFGHIJKLMNOPQRSTUVWXY
ABCDEFGHIJKLMNOPQRSTUVWXY
ABCDEFGHIJKLMNOPQRSTUVWXY
ABCDEFGHIJKLMNOPQRSTUVWXY
ABCDEFGHIJKLMNOPQRSTUVWXY
ABCDEFGHIJKLMNOPQRSTUVWXY
ABCDEFGHIJKLMNOPQRSTUVWXY
ABCDEFGHIJKLMNOPQRSTUVWXY
ABCDEFGHIJKLMNOPQRSTUVWXY
ABCDEFGHIJKLMNOPQRSTUVWXY
ABCDEFGHIJKLMNOPQRSTUVWXY
ABCDEFGHIJKLMNOPQRSTUVWXY
ABCDEFGHIJKLMNOPQRSTUVWXY
ABCDEFGHIJKLMNOPQRSTUVWXY
ABCDEFGHIJKLMNOPQRSTUVWXY
ABCDEFGHIJKLMNOPQRSTUVWXY
ABCDEFGHIJKLMNOPQRSTUVWXY
ABCDEFGHIJKLMNOPQRSTUVWXY
Case #34:
ABCDEFGHIJKLMNOPQRSTUVWXY
ABCDEFGHIJKLMNOPQRSTUVWXY
ABCDEFGHIJKLMNOPQRSTUVWXY
ABCDEFGHIJKLMNOPQRSTUVWXY
ABCDEFGHIJKLMNOPQRSTUVWXY
ABCDEFGHIJKLMNOPQRSTUVWXY
ABCDEFGHIJKLMNOPQRSTUVWXY
ABCDEFGHIJKLMNOPQRSTUVWXY
ABCDEFGHIJKLMNOPQRSTUVWXY
ABCDEFGHIJKLMNOPQRSTUVWXY
ABCDEFGHIJKLMNOPQRSTUVWXY
ABCDEFGHIJKLMNOPQRSTUVWXY
ABCDEFGHIJKLMNOPQRSTUVWXY
ABCDEFGHIJKLMNOPQRSTUVWXY
ABCDEFGHIJKLMNOPQRSTUVWXY
ABCDEFGHIJKLMNOPQRSTUVWXY
ABCDEFGHIJKLMNOPQRSTUVWXY
ABCDEFGHIJKLMNOPQRSTUVWXY
ABCDEFGHIJKLMNOPQRSTUVWXY
ABCDEFGHIJKLMNOPQRSTUVWXY
ABCDEFGHIJKLMNOPQRSTUVWXY
ABCDEFGHIJKLMNOPQRSTUVWXY
ABCDEFGHIJKLMNOPQRSTUVWXY
ABCDEFGHIJKLMNOPQRSTUVWXY
ABCDEFGHIJKLMNOPQRSTUVWXY
Case #35:
ABCDEFGHIJKLMNOPQRSTUVWXY
ABCDEFGHIJKLMNOPQRSTUVWXY
ABCDEFGHIJKLMNOPQRSTUVWXY
ABCDEFGHIJKLMNOPQRSTUVWXY
ABCDEFGHIJKLMNOPQRSTUVWXY
ABCDEFGHIJKLMNOPQRSTUVWXY
ABCDEFGHIJKLMNOPQRSTUVWXY
ABCDEFGHIJKLMNOPQRSTUVWXY
ABCDEFGHIJKLMNOPQRSTUVWXY
ABCDEFGHIJKLMNOPQRSTUVWXY
ABCDEFGHIJKLMNOPQRSTUVWXY
ABCDEFGHIJKLMNOPQRSTUVWXY
ABCDEFGHIJKLMNOPQRSTUVWXY
ABCDEFGHIJKLMNOPQRSTUVWXY
ABCDEFGHIJKLMNOPQRSTUVWXY
ABCDEFGHIJKLMNOPQRSTUVWXY
ABCDEFGHIJKLMNOPQRSTUVWXY
ABCDEFGHIJKLMNOPQRSTUVWXY
ABCDEFGHIJKLMNOPQRSTUVWXY
ABCDEFGHIJKLMNOPQRSTUVWXY
ABCDEFGHIJKLMNOPQRSTUVWXY
ABCDEFGHIJKLMNOPQRSTUVWXY
ABCDEFGHIJKLMNOPQRSTUVWXY
ABCDEFGHIJKLMNOPQRSTUVWXY
ABCDEFGHIJKLMNOPQRSTUVWXY
Case #36:
BBMLLLCDIHHHEEEKAFFJJJJJG
Case #37:
YYYYYBAULCGNVMOOTTTTTTTTT
YYYYYBAULCGNVMOOTTTTTTTTT
YYYYYBAULCGNVMOOTTTTTTTTT
YYYYYBAULCGNEXOOTTTTTTTTT
YYYYYBAJLCSNEQOOTTTTTTTTT
ZZZZZPAJLCSNEQOOTTTTTTTTT
KKKKKPAJLCHNEQOOTTTTTTTTT
KKKKKPAJLIHNEQOOTTTTTTTTT
KKKKKPAJLIHREQOOTTTTTTTTT
KKKKKPAFLIHRDQOOTTTTTTTTT
KKKKKPAFLIHRDQOOTTTTTTTTT
KKKKKPAFLWHRDQOOTTTTTTTTT
KKKKKPAFLWHRDQOOTTTTTTTTT
KKKKKPAFLWHRDQOOTTTTTTTTT
KKKKKPAFLWHRDQOOTTTTTTTTT
KKKKKPAFLWHRDQOOTTTTTTTTT
KKKKKPAFLWHRDQOOTTTTTTTTT
KKKKKPAFLWHRDQOOTTTTTTTTT
KKKKKPAFLWHRDQOOTTTTTTTTT
KKKKKPAFLWHRDQOOTTTTTTTTT
KKKKKPAFLWHRDQOOTTTTTTTTT
KKKKKPAFLWHRDQOOTTTTTTTTT
KKKKKPAFLWHRDQOOTTTTTTTTT
KKKKKPAFLWHRDQOOTTTTTTTTT
KKKKKPAFLWHRDQOOTTTTTTTTT
Case #38:
AAA
AAA
AAA
Case #39:
WZIQJXXXXXXXXXXXXXXXXXXXX
WZIQJXXXXXXXXXXXXXXXXXXXX
WZIQJXXXXXXXXXXXXXXXXXXXX
WZIQJXXXXXXXXXXXXXXXXXXXX
WZIQJXXXXXXXXXXXXXXXXXXXX
WZIQJXXXXXXXXXXXXXXXXXXXX
WZIQJXXXXXXXXXXXXXXXXXXXX
WZIQJXXXXXXXXXXXXXXXXXXXX
WZIQJXXXXXXXXXXXXXXXXXXXX
WZIQJXXXXXXXXXXXXXXXXXXXX
WZIQJXXXXXXXXXXXXXXXXXXXX
WZIQJXXXXXXXXXXXXXXXXXXXX
WZIQJXXXXXXXXXXXXXXXXXXXX
WZIQJXXXXXXXXXXXXXXXXXXXX
WZIQJNTTGGGGGGGGGGGGGGGGG
WZIQJNTTGGGGGGGGGGGGGGGGG
WZIOJNTTGGGGGGGGGGGGGGGGG
WZIOJNUCSLLLEEEEEEEEEEEEE
WZIOJNUKSLLLEEEEEEEEEEEEE
WZIVJNUKSLLLEEEEEEEEEEEEE
WZIVJNUKSLLLBBBBBBBBBBBBB
WAIVJNUHSLLLBBBBBBBBBBBBB
WRDVJNFHSLLLBBBBBBBBBBBBB
WRDVJPFYSLLLBBBBBBBBBBBBB
WRDVJPFMSLLLBBBBBBBBBBBBB
Case #40:
AAAAAAAAAAAAAAAABBBBBBBBB
AAAAAAAAAAAAAAAABBBBBBBBB
AAAAAAAAAAAAAAAABBBBBBBBB
AAAAAAAAAAAAAAAABBBBBBBBB
AAAAAAAAAAAAAAAABBBBBBBBB
AAAAAAAAAAAAAAAABBBBBBBBB
AAAAAAAAAAAAAAAABBBBBBBBB
AAAAAAAAAAAAAAAABBBBBBBBB
AAAAAAAAAAAAAAAABBBBBBBBB
CCCCCCCCCCCCEEEEBBBBBBBBB
CCCCCCCCCCCCEEEEDDDDDDDDD
CCCCCCCCCCCCEEEEDDDDDDDDD
CCCCCCCCCCCCEEEEDDDDDDDDD
CCCCCCCCCCCCEEEEDDDDDDDDD
CCCCCCCCCCCCEEEEDDDDDDDDD
CCCCCCCCCCCCEEEEDDDDDDDDD
CCCCCCCCCCCCEEEEDDDDDDDDD
CCCCCCCCCCCCEEEEDDDDDDDDD
CCCCCCCCCCCCEEEEDDDDDDDDD
CCCCCCCCCCCCEEEEDDDDDDDDD
CCCCCCCCCCCCEEEEDDDDDDDDD
CCCCCCCCCCCCEEEEDDDDDDDDD
CCCCCCCCCCCCEEEEDDDDDDDDD
CCCCCCCCCCCCEEEEDDDDDDDDD
CCCCCCCCCCCCEEEEDDDDDDDDD
Case #41:
DC
AB
Case #42:
EPVWXXUQTTGCOOIIIKFFFASJD
EPVWXXUQTTGCOOIIIKFFFASJD
EPVWXXUQTTGCOOIIIKFFFASJD
EPVWXXUQTTGCOOIIIKFFFASBD
EPVWXXUQTTGCOOIIIKFFFASBD
EPVWXXUQTTGCOOIIIKFFFASBD
EPVWXXUQTTGCOOIIIKFFFASBD
EPVWXXUQTTGCOOIIIKFFFASBD
EPVWXXUQTTGCOOIIIKFFFASBD
EPVWXXUQTTGCOOIIIKFFFASBD
EPVWXXRQTTGCOOIIIKFFFASBD
EPVWXXRQTTGCOOIIIKFFFASBD
EPVWXXRQTTGCOOIIIKFFFASBD
EPVWXXRQTTGCOOIIIKFFFASBD
EPVWHNRQTTGCOOIIIKFFFASBD
EPVWHNRQTTGCOOIIIKFFFASBD
EPVWHNRQTTGCOOIIIKFFFASBD
EPVWHNRQTTGCOOIIIKFFFASBD
EPVWHNRQTTGCOOIIIKFFFASBD
EPVWHNRQTTGCOOIIIKFFFASBD
EPVWHNRQTTGCOOIIIKFFFASMD
EPVWHNRQTTGCOOIIIKFFFAYMZ
EPVWHNRQTTGCOOIIIKFFFAYMZ
ELVWHNRQTTGCOOIIIKFFFAYMZ
ELVWHNRQTTGCOOIIIKFFFAYMZ
Case #43:
AAAAAAAAAAAAAAAAAAAAAAAAA
BBBBBBBBBBBBBBBBBBBBBBBBB
CCCCCCCCCCCCCCCCCCCCCCCCC
DDDDDDDDDDDDDDDDDDDDDDDDD
EEEEEEEEEEEEEEEEEEEEEEEEE
FFFFFFFFFFFFFFFFFFFFFFFFF
GGGGGGGGGGGGGGGGGGGGGGGGG
HHHHHHHHHHHHHHHHHHHHHHHHH
IIIIIIIIIIIIIIIIIIIIIIIII
JJJJJJJJJJJJJJJJJJJJJJJJJ
KKKKKKKKKKKKKKKKKKKKKKKKK
LLLLLLLLLLLLLLLLLLLLLLLLL
MMMMMMMMMMMMMMMMMMMMMMMMM
NNNNNNNNNNNNNNNNNNNNNNNNN
OOOOOOOOOOOOOOOOOOOOOOOOO
PPPPPPPPPPPPPPPPPPPPPPPPP
QQQQQQQQQQQQQQQQQQQQQQQQQ
RRRRRRRRRRRRRRRRRRRRRRRRR
SSSSSSSSSSSSSSSSSSSSSSSSS
TTTTTTTTTTTTTTTTTTTTTTTTT
UUUUUUUUUUUUUUUUUUUUUUUUU
VVVVVVVVVVVVVVVVVVVVVVVVV
WWWWWWWWWWWWWWWWWWWWWWWWW
XXXXXXXXXXXXXXXXXXXXXXXXX
YYYYYYYYYYYYYYYYYYYYYYYYY
Case #44:
AADD
AADD
AADD
AADD
AADD
AACB
Case #45:
ABCDEFGHIJKLMNOPQRSTUVWXY
ABCDEFGHIJKLMNOPQRSTUVWXY
ABCDEFGHIJKLMNOPQRSTUVWXY
ABCDEFGHIJKLMNOPQRSTUVWXY
ABCDEFGHIJKLMNOPQRSTUVWXY
ABCDEFGHIJKLMNOPQRSTUVWXY
ABCDEFGHIJKLMNOPQRSTUVWXY
ABCDEFGHIJKLMNOPQRSTUVWXY
ABCDEFGHIJKLMNOPQRSTUVWXY
ABCDEFGHIJKLMNOPQRSTUVWXY
ABCDEFGHIJKLMNOPQRSTUVWXY
ABCDEFGHIJKLMNOPQRSTUVWXY
ABCDEFGHIJKLMNOPQRSTUVWXY
ABCDEFGHIJKLMNOPQRSTUVWXY
ABCDEFGHIJKLMNOPQRSTUVWXY
ABCDEFGHIJKLMNOPQRSTUVWXY
ABCDEFGHIJKLMNOPQRSTUVWXY
ABCDEFGHIJKLMNOPQRSTUVWXY
ABCDEFGHIJKLMNOPQRSTUVWXY
ABCDEFGHIJKLMNOPQRSTUVWXY
ABCDEFGHIJKLMNOPQRSTUVWXY
ABCDEFGHIJKLMNOPQRSTUVWXY
ABCDEFGHIJKLMNOPQRSTUVWXY
ABCDEFGHIJKLMNOPQRSTUVWXY
ABCDEFGHIJKLMNOPQRSTUVWXY
Case #46:
REYYYYSSWTZNLLDDDDDVFPPXJ
REYYYYSSWTZNLLDDDDDVFPPXJ
REYYYYSSWTZNLLDDDDDVFPPXJ
REYYYYSSWTZNLLDDDDDVFPPXJ
REYYYYSSWTZNLLDDDDDVFPPXJ
REYYYYSSWTZNLLDDDDDVFPPXJ
REYYYYSSWTZNLLDDDDDVFPPXJ
REYYYYSSWTZNLLDDDDDVFPPXJ
REYYYYSSWTZNLLQKKKKVFPPXJ
REYYYYSSWTZNLLQKKKKVFPPXJ
REYYYYSSWTZNLLQKKKKVFPPXJ
REYYYYSSWTZNGGQKKKKVFPPXJ
UEYYYYSSWTZNGGQKKKKVFPPXJ
UECCCCSSWTZNGGQKKKKVFPPXJ
UECCCCSSWTZNGGQKKKKVFPPXJ
UECCCCSSWTZNAMQKKKKVFPPXJ
UECCCCSSWTZNAMQKKKKVFPPXJ
UECCCCSSWTZNAMQKKKKVFPPXJ
UECCCCSSWTZNAMQKKKKVFPPXJ
UECCCCSSWTZNAMQKKKKVFPPXJ
UECCCCSSWTZNAMQKKKKVFPPXJ
UECCCCSSWHZNAMQKKKKVFPPXJ
UEIIIISSWHZNAMQKKKKVFBBXJ
UEIIIISSWHZNAMQKKKKVFBBXO
UEIIIISSWHZNAMQKKKKVFBBXO
Case #47:
DLLFFSZRRRWWWWABJTHHHHHHH
DLLFFSZRRRWWWWABJTHHHHHHH
DLLFFSZRRRWWWWABJTHHHHHHH
DLLFFSZRRRWWWWABJTHHHHHHH
DLLFFSZRRRWWWWABJTHHHHHHH
DLLFFSZRRRWWWWABJTHHHHHHH
DLLFFSZRRRWWWWABJTHHHHHHH
DLLFFSZRRREEEEABJTPOKKKKK
DLLFFSZRRREEEEABJTPOKKKKK
DLLFFSZRRREEEEABJTPOKKKKK
DLLFFSZRRREEEEABJTPOVVVVV
DLLFFSZRRREEEEABJTPOVVVVV
DLLFFSZRRREEEEABJTPOVVVVV
DLLFFSZRRREEEEABJTPOIINNN
DLLFFSZRRRGQQQABJTPOIINNN
DLLFFSZRRRGQQQABJTPOIINNN
DLLFFSZRRRGQQQABJTPOIINNN
DLLFFSZRRRGQQQABJTPOIINNN
DLLFFSZUUCGQQQABJTYOIINNN
DLLFFSZUUCGQQQABJMYOIINNN
DLLFFSZUUCGQQQABJMYOIINNN
DLLFFSZUUCGQQQABJMYOIINNN
DLLFFSZUUCGXXXABJMYOIINNN
DLLFFSZUUCGXXXABJMYOIINNN
DLLFFSZUUCGXXXABJMYOIINNN
Case #48:
AAAAAAAAAAAAAAAAAAAAABBBB
AAAAAAAAAAAAAAAAAAAAABBBB
AAAAAAAAAAAAAAAAAAAAABBBB
AAAAAAAAAAAAAAAAAAAAABBBB
AAAAAAAAAAAAAAAAAAAAABBBB
AAAAAAAAAAAAAAAAAAAAABBBB
AAAAAAAAAAAAAAAAAAAAABBBB
AAAAAAAAAAAAAAAAAAAAABBBB
AAAAAAAAAAAAAAAAAAAAABBBB
AAAAAAAAAAAAAAAAAAAAABBBB
AAAAAAAAAAAAAAAAAAAAABBBB
AAAAAAAAAAAAAAAAAAAAABBBB
CCCCCCCCCCCCCCCCCEEEEBBBB
CCCCCCCCCCCCCCCCCEEEEDDDD
CCCCCCCCCCCCCCCCCEEEEDDDD
CCCCCCCCCCCCCCCCCEEEEDDDD
CCCCCCCCCCCCCCCCCEEEEDDDD
CCCCCCCCCCCCCCCCCEEEEDDDD
CCCCCCCCCCCCCCCCCEEEEDDDD
CCCCCCCCCCCCCCCCCEEEEDDDD
CCCCCCCCCCCCCCCCCEEEEDDDD
CCCCCCCCCCCCCCCCCEEEEDDDD
CCCCCCCCCCCCCCCCCEEEEDDDD
CCCCCCCCCCCCCCCCCEEEEDDDD
CCCCCCCCCCCCCCCCCEEEEDDDD
Case #49:
AAAAAAAAAAAAAAAAAAAAAAAAA
BBBBBBBBBBBBBBBBBBBBBBBBB
CCCCCCCCCCCCCCCCCCCCCCCCC
DDDDDDDDDDDDDDDDDDDDDDDDD
EEEEEEEEEEEEEEEEEEEEEEEEE
FFFFFFFFFFFFFFFFFFFFFFFFF
GGGGGGGGGGGGGGGGGGGGGGGGG
HHHHHHHHHHHHHHHHHHHHHHHHH
IIIIIIIIIIIIIIIIIIIIIIIII
JJJJJJJJJJJJJJJJJJJJJJJJJ
KKKKKKKKKKKKKKKKKKKKKKKKK
LLLLLLLLLLLLLLLLLLLLLLLLL
MMMMMMMMMMMMMMMMMMMMMMMMM
NNNNNNNNNNNNNNNNNNNNNNNNN
OOOOOOOOOOOOOOOOOOOOOOOOO
PPPPPPPPPPPPPPPPPPPPPPPPP
QQQQQQQQQQQQQQQQQQQQQQQQQ
RRRRRRRRRRRRRRRRRRRRRRRRR
SSSSSSSSSSSSSSSSSSSSSSSSS
TTTTTTTTTTTTTTTTTTTTTTTTT
UUUUUUUUUUUUUUUUUUUUUUUUU
VVVVVVVVVVVVVVVVVVVVVVVVV
WWWWWWWWWWWWWWWWWWWWWWWWW
XXXXXXXXXXXXXXXXXXXXXXXXX
YYYYYYYYYYYYYYYYYYYYYYYYY
Case #50:
BA
BA
Case #51:
AAAAACDEEEEEFFFFFGGGGGGGG
AAAAACDEEEEEFFFFFGGGGGGGG
AAAAACDEEEEEFFFFFGGGGGGGG
AAAAACDEEEEEFFFFFGGGGGGGG
AAAAACDEEEEEFFFFFGGGGGGGG
AAAAACDEEEEEFFFFFGGGGGGGG
BBBBBCDEEEEEFFFFFGGGGGGGG
BBBBBCDEEEEEFFFFFGGGGGGGG
BBBBBCDEEEEEFFFFFGGGGGGGG
BBBBBCDEEEEEFFFFFGGGGGGGG
BBBBBCDEEEEEFFFFFGGGGGGGG
BBBBBCDEEEEEFFFFFGGGGGGGG
BBBBBCDEEEEEFFFFFGGGGGGGG
BBBBBCDEEEEEFFFFFGGGGGGGG
BBBBBCDEEEEEFFFFFGGGGGGGG
BBBBBCDEEEEEFFFFFGGGGGGGG
BBBBBCDEEEEEFFFFFGGGGGGGG
BBBBBCDEEEEEFFFFFGGGGGGGG
BBBBBCDEEEEEFFFFFGGGGGGGG
BBBBBCDEEEEEHJJJJGGGGGGGG
BBBBBCDEEEEEHJJJJIIIIIIII
BBBBBCDEEEEEHJJJJIIIIIIII
BBBBBCDEEEEEHJJJJIIIIIIII
BBBBBCDEEEEEHJJJJIIIIIIII
BBBBBCDEEEEEHJJJJIIIIIIII
Case #52:
RRRRRRRRRRRRRRRRRRRRPAIXX
RRRRRRRRRRRRRRRRRRRRPAIXX
RRRRRRRRRRRRRRRRRRRRPAIXX
RRRRRRRRRRRRRRRRRRRRPAIXX
RRRRRRRRRRRRRRRRRRRRPAIYY
RRRRRRRRRRRRRRRRRRRRPAINK
RRRRRRRRRRRRRRRRRRRRPAINF
RRRRRRRRRRRRRRRRRRRRPJINZ
RRRRRRRRRRRRRRRRRRRRTVSCZ
RRRRRRRRRRRRRRRRRRRRTDECU
RRRRRRRRRRRRRRRRRRRRHDEOU
RRRRRRRRRRRRRRRRRRRRHDELW
RRRRRRRRRRRRRRRRRRRRHBEQW
RRRRRRRRRRRRRRRRRRRRHBGMW
RRRRRRRRRRRRRRRRRRRRHBGMW
RRRRRRRRRRRRRRRRRRRRHBGMW
RRRRRRRRRRRRRRRRRRRRHBGMW
RRRRRRRRRRRRRRRRRRRRHBGMW
RRRRRRRRRRRRRRRRRRRRHBGMW
RRRRRRRRRRRRRRRRRRRRHBGMW
RRRRRRRRRRRRRRRRRRRRHBGMW
RRRRRRRRRRRRRRRRRRRRHBGMW
RRRRRRRRRRRRRRRRRRRRHBGMW
RRRRRRRRRRRRRRRRRRRRHBGMW
RRRRRRRRRRRRRRRRRRRRHBGMW
Case #53:
AAAAAAAAAAAAAAAAAAAAAAAAA
AAAAAAAAAAAAAAAAAAAAAAAAA
AAAAAAAAAAAAAAAAAAAAAAAAA
AAAAAAAAAAAAAAAAAAAAAAAAA
AAAAAAAAAAAAAAAAAAAAAAAAA
AAAAAAAAAAAAAAAAAAAAAAAAA
AAAAAAAAAAAAAAAAAAAAAAAAA
AAAAAAAAAAAAAAAAAAAAAAAAA
AAAAAAAAAAAAAAAAAAAAAAAAA
AAAAAAAAAAAAAAAAAAAAAAAAA
AAAAAAAAAAAAAAAAAAAAAAAAA
AAAAAAAAAAAAAAAAAAAAAAAAA
AAAAAAAAAAAAAAAAAAAAAAAAA
AAAAAAAAAAAAAAAAAAAAAAAAA
AAAAAAAAAAAAAAAAAAAAAAAAA
AAAAAAAAAAAAAAAAAAAAAAAAA
AAAAAAAAAAAAAAAAAAAAAAAAA
AAAAAAAAAAAAAAAAAAAAAAAAA
AAAAAAAAAAAAAAAAAAAAAAAAA
AAAAAAAAAAAAAAAAAAAAAAAAA
AAAAAAAAAAAAAAAAAAAAAAAAA
AAAAAAAAAAAAAAAAAAAAAAAAA
AAAAAAAAAAAAAAAAAAAAAAAAA
AAAAAAAAAAAAAAAAAAAAAAAAA
AAAAAAAAAAAAAAAAAAAAAAAAA
Case #54:
ANBOCPDQERFSGTHUIVJWKXLYM
ANBOCPDQERFSGTHUIVJWKXLYM
ZNBOCPDQERFSGTHUIVJWKXLYM
ZNBOCPDQERFSGTHUIVJWKXLYM
ZNBOCPDQERFSGTHUIVJWKXLYM
ZNBOCPDQERFSGTHUIVJWKXLYM
ZNBOCPDQERFSGTHUIVJWKXLYM
ZNBOCPDQERFSGTHUIVJWKXLYM
ZNBOCPDQERFSGTHUIVJWKXLYM
ZNBOCPDQERFSGTHUIVJWKXLYM
ZNBOCPDQERFSGTHUIVJWKXLYM
ZNBOCPDQERFSGTHUIVJWKXLYM
ZNBOCPDQERFSGTHUIVJWKXLYM
ZNBOCPDQERFSGTHUIVJWKXLYM
ZNBOCPDQERFSGTHUIVJWKXLYM
ZNBOCPDQERFSGTHUIVJWKXLYM
ZNBOCPDQERFSGTHUIVJWKXLYM
ZNBOCPDQERFSGTHUIVJWKXLYM
ZNBOCPDQERFSGTHUIVJWKXLYM
ZNBOCPDQERFSGTHUIVJWKXLYM
ZNBOCPDQERFSGTHUIVJWKXLYM
ZNBOCPDQERFSGTHUIVJWKXLYM
ZNBOCPDQERFSGTHUIVJWKXLYM
ZNBOCPDQERFSGTHUIVJWKXLYM
ZNBOCPDQERFSGTHUIVJWKXLYM
Case #55:
AAAAAAAAAAAAAAAAAACDEEEEE
AAAAAAAAAAAAAAAAAACDEEEEE
AAAAAAAAAAAAAAAAAACDEEEEE
AAAAAAAAAAAAAAAAAACDEEEEE
AAAAAAAAAAAAAAAAAACDEEEEE
AAAAAAAAAAAAAAAAAACDEEEEE
AAAAAAAAAAAAAAAAAACDEEEEE
AAAAAAAAAAAAAAAAAACDEEEEE
AAAAAAAAAAAAAAAAAACDEEEEE
AAAAAAAAAAAAAAAAAACDEEEEE
AAAAAAAAAAAAAAAAAACDEEEEE
AAAAAAAAAAAAAAAAAACDEEEEE
AAAAAAAAAAAAAAAAAACDEEEEE
AAAAAAAAAAAAAAAAAACDEEEEE
AAAAAAAAAAAAAAAAAACDEEEEE
AAAAAAAAAAAAAAAAAACDEEEEE
AAAAAAAAAAAAAAAAAACDEEEEE
AAAAAAAAAAAAAAAAAACDEEEEE
AAAAAAAAAAAAAAAAAACDEEEEE
AAAAAAAAAAAAAAAAAACDEEEEE
BBBBBBBBBBBBBBBBBBCDEEEEE
BBBBBBBBBBBBBBBBBBCDEEEEE
BBBBBBBBBBBBBBBBBBCDEEEEE
BBBBBBBBBBBBBBBBBBCDEEEEE
BBBBBBBBBBBBBBBBBBCDEEEEE
Case #56:
AAAAAAABBBBBBBBBBBBBBBBBB
CCCEEEEBBBBBBBBBBBBBBBBBB
CCCEEEEDDDDDDDDDDFHIJJJJJ
CCCEEEEDDDDDDDDDDFHIJJJJJ
CCCEEEEDDDDDDDDDDFHIJJJJJ
CCCEEEEDDDDDDDDDDFHIJJJJJ
CCCEEEEDDDDDDDDDDFHIJJJJJ
CCCEEEEDDDDDDDDDDFHIJJJJJ
CCCEEEEDDDDDDDDDDFHIJJJJJ
CCCEEEEDDDDDDDDDDFHIJJJJJ
CCCEEEEDDDDDDDDDDFHIJJJJJ
CCCEEEEDDDDDDDDDDFHIJJJJJ
CCCEEEEDDDDDDDDDDFHIJJJJJ
CCCEEEEDDDDDDDDDDFHIJJJJJ
CCCEEEEDDDDDDDDDDFHIJJJJJ
CCCEEEEDDDDDDDDDDFHIJJJJJ
CCCEEEEDDDDDDDDDDFHIJJJJJ
CCCEEEEDDDDDDDDDDGHIJJJJJ
CCCEEEEDDDDDDDDDDGHIJJJJJ
CCCEEEEDDDDDDDDDDGHIJJJJJ
CCCEEEEDDDDDDDDDDGHIJJJJJ
CCCEEEEDDDDDDDDDDGHIJJJJJ
CCCEEEEDDDDDDDDDDGHIJJJJJ
CCCEEEEDDDDDDDDDDGHIJJJJJ
CCCEEEEDDDDDDDDDDGHIJJJJJ
Case #57:
AAAAAAAAAAAAAAAAAAAAAAAAA
BBBBBBBBBBBBBBBBBBBBBBBBB
CCCCCCCCCCCCCCCCCCCCCCCCC
DDDDDDDDDDDDDDDDDDDDDDDDD
EEEEEEEEEEEEEEEEEEEEEEEEE
FFFFFFFFFFFFFFFFFFFFFFFFF
GGGGGGGGGGGGGGGGGGGGGGGGG
HHHHHHHHHHHHHHHHHHHHHHHHH
IIIIIIIIIIIIIIIIIIIIIIIII
JJJJJJJJJJJJJJJJJJJJJJJJJ
KKKKKKKKKKKKKKKKKKKKKKKKK
LLLLLLLLLLLLLLLLLLLLLLLLL
MMMMMMMMMMMMMMMMMMMMMMMMM
NNNNNNNNNNNNNNNNNNNNNNNNN
OOOOOOOOOOOOOOOOOOOOOOOOO
PPPPPPPPPPPPPPPPPPPPPPPPP
QQQQQQQQQQQQQQQQQQQQQQQQQ
RRRRRRRRRRRRRRRRRRRRRRRRR
SSSSSSSSSSSSSSSSSSSSSSSSS
TTTTTTTTTTTTTTTTTTTTTTTTT
UUUUUUUUUUUUUUUUUUUUUUUUU
VVVVVVVVVVVVVVVVVVVVVVVVV
WWWWWWWWWWWWWWWWWWWWWWWWW
XXXXXXXXXXXXXXXXXXXXXXXXX
YYYYYYYYYYYYYYYYYYYYYYYYY
Case #58:
AACDEEEEEEEEEEEFFFFFGGGGG
AACDEEEEEEEEEEEFFFFFGGGGG
AACDEEEEEEEEEEEFFFFFGGGGG
AACDEEEEEEEEEEEFFFFFGGGGG
AACDEEEEEEEEEEEFFFFFGGGGG
AACDEEEEEEEEEEEFFFFFGGGGG
AACDEEEEEEEEEEEFFFFFGGGGG
AACDEEEEEEEEEEEFFFFFGGGGG
AACDEEEEEEEEEEEFFFFFGGGGG
AACDEEEEEEEEEEEFFFFFGGGGG
AACDEEEEEEEEEEEFFFFFGGGGG
BBCDEEEEEEEEEEEFFFFFGGGGG
BBCDEEEEEEEEEEEFFFFFGGGGG
BBCDEEEEEEEEEEEFFFFFGGGGG
BBCDEEEEEEEEEEEFFFFFGGGGG
BBCDEEEEEEEEEEEFFFFFGGGGG
BBCDEEEEEEEEEEEFFFFFGGGGG
BBCDEEEEEEEEEEEFFFFFGGGGG
BBCDEEEEEEEEEEEFFFFFGGGGG
BBCDEEEEEEEEEEEFFFFFGGGGG
BBCDEEEEEEEEEEEFFFFFGGGGG
BBCDEEEEEEEEEEEFFFFFGGGGG
BBCDEEEEEEEEEEEHJJJJGGGGG
BBCDEEEEEEEEEEEHJJJJIIIII
BBCDEEEEEEEEEEEHJJJJIIIII
Case #59:
OOOOOOOOOOOYGBNACZZZZZZZZ
OOOOOOOOOOOYGBNACZZZZZZZZ
OOOOOOOOOOOYGBNACZZZZZZZZ
OOOOOOOOOOOYGBNACZZZZZZZZ
OOOOOOOOOOOYGBNACZZZZZZZZ
OOOOOOOOOOOYGBNACZZZZZZZZ
OOOOOOOOOOOYGBNACZZZZZZZZ
OOOOOOOOOOOYGBNACZZZZZZZZ
OOOOOOOOOOOYGBNFCZZZZZZZZ
OOOOOOOOOOOYGBNFHDMMMMMMM
OOOOOOOOOOOYPBIVHDKKRRRRR
OOOOOOOOOOOYPBIXHDSJRRRRR
OOOOOOOOOOOYPBTLUDSJRRRRR
OOOOOOOOOOOYPBTLWESJRRRRR
OOOOOOOOOOOYPBQLWESJRRRRR
OOOOOOOOOOOYPBQLWESJRRRRR
OOOOOOOOOOOYPBQLWESJRRRRR
OOOOOOOOOOOYPBQLWESJRRRRR
OOOOOOOOOOOYPBQLWESJRRRRR
OOOOOOOOOOOYPBQLWESJRRRRR
OOOOOOOOOOOYPBQLWESJRRRRR
OOOOOOOOOOOYPBQLWESJRRRRR
OOOOOOOOOOOYPBQLWESJRRRRR
OOOOOOOOOOOYPBQLWESJRRRRR
OOOOOOOOOOOYPBQLWESJRRRRR
Case #60:
AAAA
AAAA
AAAA
Case #61:
ACDEEEEEEEEEFFFFFGGGGGGGG
ACDEEEEEEEEEFFFFFGGGGGGGG
ACDEEEEEEEEEFFFFFGGGGGGGG
ACDEEEEEEEEEFFFFFGGGGGGGG
ACDEEEEEEEEEFFFFFGGGGGGGG
ACDEEEEEEEEEFFFFFGGGGGGGG
ACDEEEEEEEEEFFFFFGGGGGGGG
ACDEEEEEEEEEFFFFFGGGGGGGG
ACDEEEEEEEEEFFFFFGGGGGGGG
ACDEEEEEEEEEFFFFFGGGGGGGG
BCDEEEEEEEEEFFFFFGGGGGGGG
BCDEEEEEEEEEFFFFFGGGGGGGG
BCDEEEEEEEEEFFFFFGGGGGGGG
BCDEEEEEEEEEFFFFFGGGGGGGG
BCDEEEEEEEEEFFFFFGGGGGGGG
BCDEEEEEEEEEFFFFFGGGGGGGG
BCDEEEEEEEEEFFFFFGGGGGGGG
BCDEEEEEEEEEFFFFFGGGGGGGG
BCDEEEEEEEEEFFFFFGGGGGGGG
BCDEEEEEEEEEFFFFFGGGGGGGG
BCDEEEEEEEEEFFFFFGGGGGGGG
BCDEEEEEEEEEHJJJJGGGGGGGG
BCDEEEEEEEEEHJJJJIIIIIIII
BCDEEEEEEEEEHJJJJIIIIIIII
BCDEEEEEEEEEHJJJJIIIIIIII
Case #62:
AAAAAAAAAAAAAAAAAAAAAACDE
AAAAAAAAAAAAAAAAAAAAAACDE
AAAAAAAAAAAAAAAAAAAAAACDE
AAAAAAAAAAAAAAAAAAAAAACDE
AAAAAAAAAAAAAAAAAAAAAACDE
AAAAAAAAAAAAAAAAAAAAAACDE
AAAAAAAAAAAAAAAAAAAAAACDE
AAAAAAAAAAAAAAAAAAAAAACDE
AAAAAAAAAAAAAAAAAAAAAACDE
AAAAAAAAAAAAAAAAAAAAAACDE
AAAAAAAAAAAAAAAAAAAAAACDE
AAAAAAAAAAAAAAAAAAAAAACDE
AAAAAAAAAAAAAAAAAAAAAACDE
AAAAAAAAAAAAAAAAAAAAAACDE
AAAAAAAAAAAAAAAAAAAAAACDE
AAAAAAAAAAAAAAAAAAAAAACDE
AAAAAAAAAAAAAAAAAAAAAACDE
AAAAAAAAAAAAAAAAAAAAAACDE
AAAAAAAAAAAAAAAAAAAAAACDE
AAAAAAAAAAAAAAAAAAAAAACDE
AAAAAAAAAAAAAAAAAAAAAACDE
BBBBBBBBBBBBBBBBBBBBBBCDE
BBBBBBBBBBBBBBBBBBBBBBCDE
BBBBBBBBBBBBBBBBBBBBBBCDE
BBBBBBBBBBBBBBBBBBBBBBCDE
Case #63:
YYYYYYOOOOKKNUUUUUUUUUUUU
YYYYYYOOOOKKNUUUUUUUUUUUU
YYYYYYOOOOKKNUUUUUUUUUUUU
YYYYYYOOOOKKNUUUUUUUUUUUU
YYYYYYOOOOKKNZZJJEEPRHQQB
YYYYYYOOOOKKNZZJJEEPRHQQB
YYYYYYOOOOKKNZZJJEEPRHQQB
YYYYYYOOOOKKNZZJJEEPRHQQI
WWWWWTOOOOKKNZZVVEEPRHQQI
WWWWWTOOOOKKNZZVVEEPRHQQI
WWWWWTOOOOKKNZZVVEEPRHQQI
WWWWWTOOOOKKNZZVVEEPRHQQI
WWWWWTOOOOKKNZZVVEEPRHQQI
WWWWWTOOOOKKNSMVVEEPRHQQI
WWWWWTOOOOKKNSMVVEEPRHQQI
WWWWWTOOOOKKNSMVVEEXRHQQI
WWWWWTOOOOFFNSMVVEEXRHQQI
WWWWWTOOOOFFNSMVVEEXRHQQI
WWWWWTOOOOFFNSMVVEEXRHQQC
WWWWWTOOOOFFNSMVVEEXRHQQC
WWWWWTOOOOFFNSMAGEEXRHQQC
WWWWWTOOOOLLNSMAGEEDRHQQC
WWWWWTOOOOLLNSMAGEEDRHQQC
WWWWWTOOOOLLNSMAGEEDRHQQC
WWWWWTOOOOLLNSMAGEEDRHQQC
Case #64:
AAAAAAAAAAAAAAAAAAAAAAAAA
BBBBBBBBBBBBBBBBBBBBBBBBB
CCCCCCCCCCCCCCCCCCCCCCCCC
DDDDDDDDDDDDDDDDDDDDDDDDD
EEEEEEEEEEEEEEEEEEEEEEEEE
FFFFFFFFFFFFFFFFFFFFFFFFF
GGGGGGGGGGGGGGGGGGGGGGGGG
HHHHHHHHHHHHHHHHHHHHHHHHH
IIIIIIIIIIIIIIIIIIIIIIIII
JJJJJJJJJJJJJJJJJJJJJJJJJ
KKKKKKKKKKKKKKKKKKKKKKKKK
LLLLLLLLLLLLLLLLLLLLLLLLL
MMMMMMMMMMMMMMMMMMMMMMMMM
NNNNNNNNNNNNNNNNNNNNNNNNN
OOOOOOOOOOOOOOOOOOOOOOOOO
PPPPPPPPPPPPPPPPPPPPPPPPP
QQQQQQQQQQQQQQQQQQQQQQQQQ
RRRRRRRRRRRRRRRRRRRRRRRRR
SSSSSSSSSSSSSSSSSSSSSSSSS
TTTTTTTTTTTTTTTTTTTTTTTTT
UUUUUUUUUUUUUUUUUUUUUUUUU
VVVVVVVVVVVVVVVVVVVVVVVVV
WWWWWWWWWWWWWWWWWWWWWWWWW
XXXXXXXXXXXXXXXXXXXXXXXXX
YYYYYYYYYYYYYYYYYYYYYYYYY
Case #65:
ABCDEFGHIJKLMNOPQRSTUVWXY
ABCDEFGHIJKLMNOPQRSTUVWXY
ABCDEFGHIJKLMNOPQRSTUVWXY
ABCDEFGHIJKLMNOPQRSTUVWXY
ABCDEFGHIJKLMNOPQRSTUVWXY
ABCDEFGHIJKLMNOPQRSTUVWXY
ABCDEFGHIJKLMNOPQRSTUVWXY
ABCDEFGHIJKLMNOPQRSTUVWXY
ABCDEFGHIJKLMNOPQRSTUVWXY
ABCDEFGHIJKLMNOPQRSTUVWXY
ABCDEFGHIJKLMNOPQRSTUVWXY
ABCDEFGHIJKLMNOPQRSTUVWXY
ABCDEFGHIJKLMNOPQRSTUVWXY
ABCDEFGHIJKLMNOPQRSTUVWXY
ABCDEFGHIJKLMNOPQRSTUVWXY
ABCDEFGHIJKLMNOPQRSTUVWXY
ABCDEFGHIJKLMNOPQRSTUVWXY
ABCDEFGHIJKLMNOPQRSTUVWXY
ABCDEFGHIJKLMNOPQRSTUVWXY
ABCDEFGHIJKLMNOPQRSTUVWXY
ABCDEFGHIJKLMNOPQRSTUVWXY
ABCDEFGHIJKLMNOPQRSTUVWXY
ABCDEFGHIJKLMNOPQRSTUVWXY
ABCDEFGHIJKLMNOPQRSTUVWXY
ABCDEFGHIJKLMNOPQRSTUVWXY
Case #66:
ZZZMBBPPHHFFFAALNJJJVSSSI
ZZZMBBPPHHFFFAALNJJJVSSSI
ZZZMBBPPHHFFFAALNJJJVSSSI
ZZZMBBPPHHFFFAALNJJJVSSSI
ZZZMBBPPHHFFFAALNJJJVSSSI
ZZZMBBPPHHFFFAALNJJJVSSSI
ZZZMBBPPHHFFFAALNWOKVSSSI
ZZZMBBPPHHFFFAALNWOKVSSSI
ZZZMBBPPHHFFFAALNWOKVSSSI
ZZZMBBPPHHFFFAALNWOKVSSSI
ZZZMBBPPHHFFFAALNWOKVSSSI
ZZZMBBPPHHRRRAALNWOKVSSSI
ZZZMBBEEHHRRRAALNWOKVSSSI
ZZZMBBEEHHRRRAALNWOKVSSSI
ZZZMBBEEHHRRRAALNWOKVSSSI
ZZZMBBEEHHRRRAALNTQKVSSSI
ZZZMBBEEHHRRRAALNTQKVSSSI
ZZZMBBEEHHRRRAALNTQKVSSSI
ZZZMBBCCHHRRRAALNTUKVSSSI
ZZZMBBCCHHRRRAALNTUKVSSSI
ZZZMBBCCHHXXXYYLNTUKVSSSI
ZZZMBBCCHHXXXYYLNTUKVSSSI
ZZZMBBCCHHXXXYYLNTUKGSSSI
ZZZMBBCCHHXXXYYLNTUKGSSSI
ZZZMBBCCHHXXXYYLDTUKGSSSI
Case #67:
KKKKKKRPPCNWWLXXXXXZZFIIG
KKKKKKRPPCNWWLXXXXXZZFIIG
KKKKKKRPPCNWWLXXXXXZZFIIG
KKKKKKRPPCNWWLXXXXXZZFIIG
KKKKKKRPPCNWWLXXXXXZZFIIG
KKKKKKRPPCNWWLXXXXXZZFIIG
KKKKKKRPPCNWWLXXXXXZZFIIG
KKKKKKRPPCNYYLXXXXXZZFIIG
KKKKKKRBBCNYYLXXXXXZZFIIG
KKKKKKRQUCNYYLXXXXXZZFIIG
KKKKKKRQUCNYYLXXXXXZZFIIG
KKKKKKRQUCNYYLXXXXXZZFIIG
KKKKKKRQUCNYYLXXXXXZZFIIG
KKKKKKRQUCNYYLXXXXXZZFIIG
KKKKKKRQUCNYYLOOHMMZZFIIG
KKKKKKRQUCNYYLOOHMMZZFIIG
KKKKKKRSUCNYYLOOHMMZZFIIG
KKKKKKRSUCNYYLOOHMMZZFIIG
KKKKKKRSUCNYYLAAHJJZZEIIG
KKKKKKRSUCNYYLAAHJJZZEIIG
KKKKKKRSUCNYYLAAHJJZZEIIG
KKKKKKRSUCNYYLAAHJJZZEIIG
KKKKKKRSUCVYYLAAHJJTTEIIG
KKKKKKRSUCVYYLAAHJJTTEDDG
KKKKKKRSUCVYYLAAHJJTTEDDG
Case #68:
WVZNNKTTTTSLIJHEEEMPXXXXF
WVZNNKTTTTSLIJHEEEMPXXXXF
WVZNNKTTTTSLIJHEEEMPXXXXF
WVZNNKTTTTSLIJHEEEMPXXXXF
WVZNNKTTTTSLIJHEEEMPXXXXF
WVZNNKTTTTSLIJHEEEMPXXXXF
WVZNNKTTTTSLIJHEEEMPXXXXF
WVZNNKTTTTSLIJHEEEMPXXXXF
WVZNNKTTTTSLIJHEEEMPXXXXF
WVYNNKTTTTSLIJHEEEMPXXXXF
WVYNNKTTTTSLIJHEEEMPXXXXF
WVYNNKTTTTSLIJHEEEMPXXXXF
WVYNNKTTTTSLIJHEEEMPXXXXF
WVYNNKTTTTSLIJHEEEMPXXXXF
WVYNNKTTTTSLIJHEEEMPXXXXF
WAYNNKTTTTSLIJHEEEMPXXXXF
WAYNNKTTTTSLIJHEEEMPXXXXF
WAYNNKTTTTSLIJHEEEMPXXXXF
WAYNNKTTTTSLIJHEEEMPXXXXF
WAYNNKTTTTSLIJHRRRMPXXXXF
WAYNNKUUQQSLIJHOOGMPXXXXF
WAYNNKUUQQSLIJHOOGMPXXXXC
WAYNNKUUQQSLIJHOOGMPXXXXC
WAYNNKUUQQSDIJHOOGMPXXXXB
WAYNNKUUQQSDIJHOOGMPXXXXB
Case #69:
AAAAAABBBBBBBBBBBBBBBBBBB
CCEEEEBBBBBBBBBBBBBBBBBBB
CCEEEEDDDDDDDDDDFHIJJJJJJ
CCEEEEDDDDDDDDDDFHIJJJJJJ
CCEEEEDDDDDDDDDDFHIJJJJJJ
CCEEEEDDDDDDDDDDFHIJJJJJJ
CCEEEEDDDDDDDDDDFHIJJJJJJ
CCEEEEDDDDDDDDDDFHIJJJJJJ
CCEEEEDDDDDDDDDDFHIJJJJJJ
CCEEEEDDDDDDDDDDFHIJJJJJJ
CCEEEEDDDDDDDDDDFHIJJJJJJ
CCEEEEDDDDDDDDDDFHIJJJJJJ
CCEEEEDDDDDDDDDDFHIJJJJJJ
CCEEEEDDDDDDDDDDFHIJJJJJJ
CCEEEEDDDDDDDDDDFHIJJJJJJ
CCEEEEDDDDDDDDDDFHIJJJJJJ
CCEEEEDDDDDDDDDDFHIJJJJJJ
CCEEEEDDDDDDDDDDFHIJJJJJJ
CCEEEEDDDDDDDDDDFHIJJJJJJ
CCEEEEDDDDDDDDDDFHIJJJJJJ
CCEEEEDDDDDDDDDDFHIJJJJJJ
CCEEEEDDDDDDDDDDFHIJJJJJJ
CCEEEEDDDDDDDDDDGHIJJJJJJ
CCEEEEDDDDDDDDDDGHIJJJJJJ
CCEEEEDDDDDDDDDDGHIJJJJJJ
Case #70:
AAAAAAAAAABBBBBBBBBBBBBBB
AAAAAAAAAABBBBBBBBBBBBBBB
AAAAAAAAAABBBBBBBBBBBBBBB
AAAAAAAAAABBBBBBBBBBBBBBB
AAAAAAAAAABBBBBBBBBBBBBBB
AAAAAAAAAABBBBBBBBBBBBBBB
CCCCCCEEEEBBBBBBBBBBBBBBB
CCCCCCEEEEDDDDDDDDDFHIJJJ
CCCCCCEEEEDDDDDDDDDFHIJJJ
CCCCCCEEEEDDDDDDDDDFHIJJJ
CCCCCCEEEEDDDDDDDDDFHIJJJ
CCCCCCEEEEDDDDDDDDDFHIJJJ
CCCCCCEEEEDDDDDDDDDFHIJJJ
CCCCCCEEEEDDDDDDDDDFHIJJJ
CCCCCCEEEEDDDDDDDDDFHIJJJ
CCCCCCEEEEDDDDDDDDDFHIJJJ
CCCCCCEEEEDDDDDDDDDFHIJJJ
CCCCCCEEEEDDDDDDDDDFHIJJJ
CCCCCCEEEEDDDDDDDDDFHIJJJ
CCCCCCEEEEDDDDDDDDDFHIJJJ
CCCCCCEEEEDDDDDDDDDFHIJJJ
CCCCCCEEEEDDDDDDDDDFHIJJJ
CCCCCCEEEEDDDDDDDDDFHIJJJ
CCCCCCEEEEDDDDDDDDDFHIJJJ
CCCCCCEEEEDDDDDDDDDGHIJJJ
Case #71:
ABCDEFGHIJKLMNOPQRSTUVWXY
ABCDEFGHIJKLMNOPQRSTUVWXY
ABCDEFGHIJKLMNOPQRSTUVWXY
ABCDEFGHIJKLMNOPQRSTUVWXY
ABCDEFGHIJKLMNOPQRSTUVWXY
ABCDEFGHIJKLMNOPQRSTUVWXY
ABCDEFGHIJKLMNOPQRSTUVWXY
ABCDEFGHIJKLMNOPQRSTUVWXY
ABCDEFGHIJKLMNOPQRSTUVWXY
ABCDEFGHIJKLMNOPQRSTUVWXY
ABCDEFGHIJKLMNOPQRSTUVWXY
ABCDEFGHIJKLMNOPQRSTUVWXY
ABCDEFGHIJKLMNOPQRSTUVWXY
ABCDEFGHIJKLMNOPQRSTUVWXY
ABCDEFGHIJKLMNOPQRSTUVWXY
ABCDEFGHIJKLMNOPQRSTUVWXY
ABCDEFGHIJKLMNOPQRSTUVWXY
ABCDEFGHIJKLMNOPQRSTUVWXY
ABCDEFGHIJKLMNOPQRSTUVWXY
ABCDEFGHIJKLMNOPQRSTUVWXY
ABCDEFGHIJKLMNOPQRSTUVWXY
ABCDEFGHIJKLMNOPQRSTUVWXY
ABCDEFGHIJKLMNOPQRSTUVWXY
ABCDEFGHIJKLMNOPQRSTUVWXY
ABCDEFGHIJKLMNOPQRSTUVWXY
Case #72:
A
A
Case #73:
B
A
Case #74:
VVVVVVVVVZQOHHHHHHHHHHHHH
VVVVVVVVVZQOHHHHHHHHHHHHH
VVVVVVVVVZQOHHHHHHHHHHHHH
VVVVVVVVVZQOHHHHHHHHHHHHH
VVVVVVVVVZQOHHHHHHHHHHHHH
VVVVVVVVVZQOHHHHHHHHHHHHH
VVVVVVVVVZQOHHHHHHHHHHHHH
VVVVVVVVVZQOHHHHHHHHHHHHH
VVVVVVVVVZQOHHHHHHHHHHHHH
VVVVVVVVVZQOHHHHHHHHHHHHH
VVVVVVVVVZQOHHHHHHHHHHHHH
VVVVVVVVVZQOHHHHHHHHHHHHH
VVVVVVVVVZQOHHHHHHHHHHHHH
VVVVVVVVVZQOHHHHHHHHHHHHH
VVVVVVVVVZQOHHHHHHHHHHHHH
VVVVVVVVVZQOHHHHHHHHHHHHH
VVVVVVVVVZQOHHHHHHHHHHHHH
VVVVVVVVVZQOWFFIMMMRRRRRR
VVVVVVVVVZQOWFFIMMMRRRRRR
VVVVVVVVVZQOWSTIMMMRRRRRR
VVVVVVVVVZQOWSYAMMMRRRRRR
VVVVVVVVVZQOWSYAMMMRRRRRR
LLLLLLDCJZQONSGAXUEKKKKKK
LLLLLLDCJZQBNSGAXUEKKKKKK
LLLLLLDCJZQBNSGPXUEKKKKKK
Case #75:
XPVWWWWWWWWWWWWWWWWWWWWWW
XPVWWWWWWWWWWWWWWWWWWWWWW
XPVWWWWWWWWWWWWWWWWWWWWWW
XPVWWWWWWWWWWWWWWWWWWWWWW
XPVWWWWWWWWWWWWWWWWWWWWWW
XPVWWWWWWWWWWWWWWWWWWWWWW
XPVWWWWWWWWWWWWWWWWWWWWWW
XPVWWWWWWWWWWWWWWWWWWWWWW
XPVWWWWWWWWWWWWWWWWWWWWWW
XPVWWWWWWWWWWWWWWWWWWWWWW
XPVWWWWWWWWWWWWWWWWWWWWWW
XPVWWWWWWWWWWWWWWWWWWWWWW
XPVWWWWWWWWWWWWWWWWWWWWWW
XPVWWWWWWWWWWWWWWWWWWWWWW
XPVCHHHHHHHHHHHHHHHHHHHHH
XPVMHHHHHHHHHHHHHHHHHHHHH
XPVMYQQQQQQQQQQQQQQQQQQQQ
XPUMYEEEEEEEEEEEEEEEEEEEE
XPKLYDDDDDDDDDDDDDDDDDDDD
NPOAYZSSSSSSSSSSSSSSSSSSS
NPFAYBSSSSSSSSSSSSSSSSSSS
NIGRYBSSSSSSSSSSSSSSSSSSS
NIGTYBSSSSSSSSSSSSSSSSSSS
NIGJYBSSSSSSSSSSSSSSSSSSS
NIGJYBSSSSSSSSSSSSSSSSSSS
Case #76:
AAAAABBBBBBBBBBBBBBBBBBBB
AAAAABBBBBBBBBBBBBBBBBBBB
AAAAABBBBBBBBBBBBBBBBBBBB
AAAAABBBBBBBBBBBBBBBBBBBB
AAAAABBBBBBBBBBBBBBBBBBBB
AAAAABBBBBBBBBBBBBBBBBBBB
AAAAABBBBBBBBBBBBBBBBBBBB
AAAAABBBBBBBBBBBBBBBBBBBB
AAAAABBBBBBBBBBBBBBBBBBBB
AAAAABBBBBBBBBBBBBBBBBBBB
AAAAABBBBBBBBBBBBBBBBBBBB
AAAAABBBBBBBBBBBBBBBBBBBB
AAAAABBBBBBBBBBBBBBBBBBBB
AAAAABBBBBBBBBBBBBBBBBBBB
AAAAABBBBBBBBBBBBBBBBBBBB
AAAAABBBBBBBBBBBBBBBBBBBB
AAAAABBBBBBBBBBBBBBBBBBBB
CEEEEBBBBBBBBBBBBBBBBBBBB
CEEEEDDDDDDDDDDDDDDDDDDDD
CEEEEDDDDDDDDDDDDDDDDDDDD
CEEEEDDDDDDDDDDDDDDDDDDDD
CEEEEDDDDDDDDDDDDDDDDDDDD
CEEEEDDDDDDDDDDDDDDDDDDDD
CEEEEDDDDDDDDDDDDDDDDDDDD
CEEEEDDDDDDDDDDDDDDDDDDDD
Case #77:
DQMVGWWJBZFHHHUSAYYYYYYYY
DQMVGWWJBZFHHHUSAYYYYYYYY
DQMVGWWJBZFHHHUSAYYYYYYYY
DQMVGWWJBZFHHHUSAYYYYYYYY
DQMVGWWJBZFHHHUSAYYYYYYYY
DQMVGWWJBZFHHHUSAYYYYYYYY
DQMVGWWJBZFHHHUSAYYYYYYYY
DQMVGWWJBZFHHHUSALLLLOOXX
DQMVGWWJNZFHHHUSALLLLOOXX
DQMVGWWJNZFHHHUSALLLLOOXX
DQMVGWWJNZFHHHUSALLLLOOXX
DQMVGWWJNZFHHHUSALLLLOOXX
DQMVIWWJNZFHHHUSALLLLOOXX
DQMVIWWJNZFHHHUCALLLLOOXX
DQMVIWWJNZFHHHUCALLLLOOXX
DQMVIWWJNZFHHHUCALLLLOOXX
DQMVIWWJNZFHHHUCALLLLOOXX
DQMVIWWJNZFHHHUCALLLLOOEE
DQMVIWWJNZFHHHUCALLLLOOEE
DQMVIWWJNZFHHHUCALLLLOOEE
DQMVIWWJNZFHHHUCTLLLLOOEE
DQMVIWWJNZFHHHUPTLLLLOOEE
DQKVIWWJRZFHHHUPTLLLLOOEE
DQKVIWWJRZFHHHUPTLLLLOOEE
DQKVIWWJRZFHHHUPTLLLLOOEE
Case #78:
MVQQQQQQQQQQQQQQQQQQQQQQQ
MVQQQQQQQQQQQQQQQQQQQQQQQ
MVQQQQQQQQQQQQQQQQQQQQQQQ
MELDFHXNNNNNNNNNNNNNNNNNN
KELDFHXNNNNNNNNNNNNNNNNNN
KELDFHXPPPUUUUUUUUUUUUUUU
KZLDTJXPPPUUUUUUUUUUUUUUU
KZLDWOXPPPUUUUUUUUUUUUUUU
KCLDWOXPPPUUUUUUUUUUUUUUU
KCLDWOXPPPUUUUUUUUUUUUUUU
KIRDSOBYYYUUUUUUUUUUUUUUU
KIRDSOBYYYUUUUUUUUUUUUUUU
KIRDSOBYYYUUUUUUUUUUUUUUU
KIRASOBYYYUUUUUUUUUUUUUUU
KIRASOBYYYUUUUUUUUUUUUUUU
KIGASOBYYYUUUUUUUUUUUUUUU
KIGASOBYYYUUUUUUUUUUUUUUU
KIGASOBYYYUUUUUUUUUUUUUUU
KIGASOBYYYUUUUUUUUUUUUUUU
KIGASOBYYYUUUUUUUUUUUUUUU
KIGASOBYYYUUUUUUUUUUUUUUU
KIGASOBYYYUUUUUUUUUUUUUUU
KIGASOBYYYUUUUUUUUUUUUUUU
KIGASOBYYYUUUUUUUUUUUUUUU
KIGASOBYYYUUUUUUUUUUUUUUU
Case #79:
AAAAAAAAAAAAAAAAAAAAAAABB
AAAAAAAAAAAAAAAAAAAAAAABB
AAAAAAAAAAAAAAAAAAAAAAABB
AAAAAAAAAAAAAAAAAAAAAAABB
AAAAAAAAAAAAAAAAAAAAAAABB
AAAAAAAAAAAAAAAAAAAAAAABB
AAAAAAAAAAAAAAAAAAAAAAABB
AAAAAAAAAAAAAAAAAAAAAAABB
AAAAAAAAAAAAAAAAAAAAAAABB
AAAAAAAAAAAAAAAAAAAAAAABB
AAAAAAAAAAAAAAAAAAAAAAABB
AAAAAAAAAAAAAAAAAAAAAAABB
AAAAAAAAAAAAAAAAAAAAAAABB
AAAAAAAAAAAAAAAAAAAAAAABB
AAAAAAAAAAAAAAAAAAAAAAABB
AAAAAAAAAAAAAAAAAAAAAAABB
AAAAAAAAAAAAAAAAAAAAAAABB
AAAAAAAAAAAAAAAAAAAAAAABB
AAAAAAAAAAAAAAAAAAAAAAABB
CCCCCCCCCCCCCCCCCCCEEEEBB
CCCCCCCCCCCCCCCCCCCEEEEDD
CCCCCCCCCCCCCCCCCCCEEEEDD
CCCCCCCCCCCCCCCCCCCEEEEDD
CCCCCCCCCCCCCCCCCCCEEEEDD
CCCCCCCCCCCCCCCCCCCEEEEDD
Case #80:
XXXXKKTTWHMMRRRRRRRRRRRRR
XXXXKKTTWHMMRRRRRRRRRRRRR
XXXXKKTTWHMMRRRRRRRRRRRRR
XXXXKKTTWHMMRRRRRRRRRRRRR
XXXXKKTTWHMMFFFFNBBJJVVSS
XXXXKKTTWHMMFFFFNBBJJVVSS
XXXXKKTTWHMMFFFFNBBJJVVSS
XXXXKKTTWHMMFFFFNBBJJVVSS
XXXXKKTTWHQGLZPPNBBJJVVSS
XXXXKKTTWHQGLZPPNBBJJVVSS
XXXXKKTTWHQGLZPPNBBJJVVSS
XXXXKKTTWHQGLZPPNBBJJVVSS
XXXXKKTTWHQGLZPPNBBJJVVSS
XXXXKKTTWHQGLZPPNBBJJVVSS
XXXXKKTTWHQGLZPPNAAJJVVSS
XXXXKKTTWHQGLZPPNAAJJVVSS
XXXXIITTWHQGLZPPNAAEEVVSS
XXXXIITTWHQGLZPPNAAEEVVSS
XXXXUUTTWHQGLZPPNAAEEVVSS
XXXXUUTTWHQGLZPPNAAEEVVSS
XXXXUUTTWHQGLZPPNAAEEVVSS
XXXXUUTTWHQGLZPPNAAEEVVSS
XXXXUUTTWHQGLZPPNAAEEVVCY
XXXXUUTTWHQGLZPPNAAEEVVCY
XXXXUUTTWHQDLZPPNAAEEOOCY
Case #81:
AAAAAAAAAAAAAAAABBBBBBBBB
AAAAAAAAAAAAAAAABBBBBBBBB
AAAAAAAAAAAAAAAABBBBBBBBB
AAAAAAAAAAAAAAAABBBBBBBBB
AAAAAAAAAAAAAAAABBBBBBBBB
AAAAAAAAAAAAAAAABBBBBBBBB
AAAAAAAAAAAAAAAABBBBBBBBB
AAAAAAAAAAAAAAAABBBBBBBBB
AAAAAAAAAAAAAAAABBBBBBBBB
AAAAAAAAAAAAAAAABBBBBBBBB
AAAAAAAAAAAAAAAABBBBBBBBB
AAAAAAAAAAAAAAAABBBBBBBBB
AAAAAAAAAAAAAAAABBBBBBBBB
AAAAAAAAAAAAAAAABBBBBBBBB
AAAAAAAAAAAAAAAABBBBBBBBB
AAAAAAAAAAAAAAAABBBBBBBBB
AAAAAAAAAAAAAAAABBBBBBBBB
AAAAAAAAAAAAAAAABBBBBBBBB
CCCCCCCCCCCCEEEEBBBBBBBBB
CCCCCCCCCCCCEEEEDDDDDDDDD
CCCCCCCCCCCCEEEEDDDDDDDDD
CCCCCCCCCCCCEEEEDDDDDDDDD
CCCCCCCCCCCCEEEEDDDDDDDDD
CCCCCCCCCCCCEEEEDDDDDDDDD
CCCCCCCCCCCCEEEEDDDDDDDDD
Case #82:
DDDDSSLLLCCETMMGNIYUWWBAA
DDDDSSLLLCCETMMGNIYUWWBAA
DDDDSSLLLCCETMMGNIYUWWBAA
DDDDSSLLLCCETMMGNIYUWWBAA
DDDDSSLLLCCETMMGNIYUWWBAA
DDDDSSLLLCCETMMGNIYUWWBAA
DDDDSSLLLCCETMMGNIYUWWBAA
DDDDSSLLLCCETMMGNIYUWWBAA
DDDDSSLLLCCETMMGNIYUWWBAA
DDDDSSRXXCCETMMGNIYUWWBAA
DDDDSSRXXCCETMMGNIYUFQBAA
DDDDSSRXXCCETMMGNIYUFQBAA
DDDDSSRXXCCETHHGNIYUFQBAA
DDDDSSRXXCCETHHGNIYUFQBAA
DDDDSSRXXCCETHHGNIYUFQBAA
DDDDSSRXXCCETHHGNIYUFQBAA
DDDDSSRXXCCETHHGNIYUFQBAA
DDDDSSRXXCCETHHGNIYUFQBAA
DDDDSSRXXCCETHHGNIYUFQBAA
DDDDSSRXXVVETHHGNIYUFQBAA
DDDDSSRXXVVETHHGNIYUJQBAA
DDDDSSRXXKZETHHGNOYUJQBAA
DDDDSSRXXKZETHHGNOYUJQBAA
DDDDSSRPPKZETHHGNOYUJQBAA
DDDDSSRPPKZETHHGNOYUJQBAA
Case #83:
A
Case #84:
AAAAAAAAAACDEEEEEEEEEEEEE
AAAAAAAAAACDEEEEEEEEEEEEE
AAAAAAAAAACDEEEEEEEEEEEEE
AAAAAAAAAACDEEEEEEEEEEEEE
AAAAAAAAAACDEEEEEEEEEEEEE
AAAAAAAAAACDEEEEEEEEEEEEE
AAAAAAAAAACDEEEEEEEEEEEEE
AAAAAAAAAACDEEEEEEEEEEEEE
AAAAAAAAAACDEEEEEEEEEEEEE
AAAAAAAAAACDEEEEEEEEEEEEE
AAAAAAAAAACDEEEEEEEEEEEEE
AAAAAAAAAACDEEEEEEEEEEEEE
AAAAAAAAAACDEEEEEEEEEEEEE
AAAAAAAAAACDEEEEEEEEEEEEE
AAAAAAAAAACDEEEEEEEEEEEEE
BBBBBBBBBBCDEEEEEEEEEEEEE
BBBBBBBBBBCDEEEEEEEEEEEEE
BBBBBBBBBBCDEEEEEEEEEEEEE
BBBBBBBBBBCDEEEEEEEEEEEEE
BBBBBBBBBBCDEEEEEEEEEEEEE
BBBBBBBBBBCDEEEEEEEEEEEEE
BBBBBBBBBBCDEEEEEEEEEEEEE
BBBBBBBBBBCDEEEEEEEEEEEEE
BBBBBBBBBBCDEEEEEEEEEEEEE
BBBBBBBBBBCDEEEEEEEEEEEEE
Case #85:
AAACDEEEEEEEEEEEEEEEEEEEE
AAACDEEEEEEEEEEEEEEEEEEEE
AAACDEEEEEEEEEEEEEEEEEEEE
AAACDEEEEEEEEEEEEEEEEEEEE
AAACDEEEEEEEEEEEEEEEEEEEE
AAACDEEEEEEEEEEEEEEEEEEEE
AAACDEEEEEEEEEEEEEEEEEEEE
AAACDEEEEEEEEEEEEEEEEEEEE
AAACDEEEEEEEEEEEEEEEEEEEE
AAACDEEEEEEEEEEEEEEEEEEEE
AAACDEEEEEEEEEEEEEEEEEEEE
AAACDEEEEEEEEEEEEEEEEEEEE
AAACDEEEEEEEEEEEEEEEEEEEE
AAACDEEEEEEEEEEEEEEEEEEEE
AAACDEEEEEEEEEEEEEEEEEEEE
BBBCDEEEEEEEEEEEEEEEEEEEE
BBBCDEEEEEEEEEEEEEEEEEEEE
BBBCDEEEEEEEEEEEEEEEEEEEE
BBBCDEEEEEEEEEEEEEEEEEEEE
BBBCDEEEEEEEEEEEEEEEEEEEE
BBBCDEEEEEEEEEEEEEEEEEEEE
BBBCDEEEEEEEEEEEEEEEEEEEE
BBBCDEEEEEEEEEEEEEEEEEEEE
BBBCDEEEEEEEEEEEEEEEEEEEE
BBBCDEEEEEEEEEEEEEEEEEEEE
Case #86:
AAAAAAAAAAAEJJSSPPBBWUFQG
AAAAAAAAAAAEJJSSPPBBWUFQG
AAAAAAAAAAAEJJSSPPBBWUFQG
AAAAAAAAAAAEJJSSPPBBWUFQG
AAAAAAAAAAAEJJSSPPBBWUFQG
AAAAAAAAAAAEJJSSPPBBWUFQG
AAAAAAAAAAAEJJSSPPBBWUFQG
AAAAAAAAAAAEJJDNOKBBWUFQG
AAAAAAAAAAAEJJDNOKBBWZFQG
AAAAAAAAAAAEJJDNOKBBHZFQG
AAAAAAAAAAAEJJDNOKTTHIMQG
AAAAAAAAAAAEJJDNOKVVHIMQG
AAAAAAAAAAAEJJDNOKVVCIXQG
AAAAAAAAAAAEJJDNOKRRCIXQG
AAAAAAAAAAAEJJLNOKRRCIXQG
AAAAAAAAAAAEJJLNOKRRCIXQG
AAAAAAAAAAAEJJLNOKRRCIXQG
AAAAAAAAAAAEJJLNOKRRCIXQG
AAAAAAAAAAAEJJLNOYRRCIXQG
AAAAAAAAAAAEJJLNOYRRCIXQG
AAAAAAAAAAAEJJLNOYRRCIXQG
AAAAAAAAAAAEJJLNOYRRCIXQG
AAAAAAAAAAAEJJLNOYRRCIXQG
AAAAAAAAAAAEJJLNOYRRCIXQG
AAAAAAAAAAAEJJLNOYRRCIXQG
Case #87:
SSSSSSSSSSSSSSSGBDDAJVVVV
SSSSSSSSSSSSSSSGBDDAJVVVV
SSSSSSSSSSSSSSSGBDDAJVVVV
SSSSSSSSSSSSSSSGBPTAJVVVV
SSSSSSSSSSSSSSSGBCTEUNRRR
SSSSSSSSSSSSSSSGHCTEUNRRR
SSSSSSSSSSSSSSSGHQTKUIMMM
SSSSSSSSSSSSSSSGHWTKUIFFF
SSSSSSSSSSSSSSSGHYXKOIFFF
SSSSSSSSSSSSSSSGHYLZOIFFF
SSSSSSSSSSSSSSSGHYLZOIFFF
SSSSSSSSSSSSSSSGHYLZOIFFF
SSSSSSSSSSSSSSSGHYLZOIFFF
SSSSSSSSSSSSSSSGHYLZOIFFF
SSSSSSSSSSSSSSSGHYLZOIFFF
SSSSSSSSSSSSSSSGHYLZOIFFF
SSSSSSSSSSSSSSSGHYLZOIFFF
SSSSSSSSSSSSSSSGHYLZOIFFF
SSSSSSSSSSSSSSSGHYLZOIFFF
SSSSSSSSSSSSSSSGHYLZOIFFF
SSSSSSSSSSSSSSSGHYLZOIFFF
SSSSSSSSSSSSSSSGHYLZOIFFF
SSSSSSSSSSSSSSSGHYLZOIFFF
SSSSSSSSSSSSSSSGHYLZOIFFF
SSSSSSSSSSSSSSSGHYLZOIFFF
Case #88:
YYYYYYYYYYYYYYYHPCQQQQQQQ
YYYYYYYYYYYYYYYHPCQQQQQQQ
YYYYYYYYYYYYYYYHPCQQQQQQQ
YYYYYYYYYYYYYYYHPCSSSSSSS
YYYYYYYYYYYYYYYHFCMVUKJWW
YYYYYYYYYYYYYYYHFCMVUKJWW
YYYYYYYYYYYYYYYHFCTANKJWW
YYYYYYYYYYYYYYYLFDTANGBWW
YYYYYYYYYYYYYYYLFEZAXGBWW
YYYYYYYYYYYYYYYLFOZRXGBWW
YYYYYYYYYYYYYYYLFOIRXGBWW
YYYYYYYYYYYYYYYLFOIRXGBWW
YYYYYYYYYYYYYYYLFOIRXGBWW
YYYYYYYYYYYYYYYLFOIRXGBWW
YYYYYYYYYYYYYYYLFOIRXGBWW
YYYYYYYYYYYYYYYLFOIRXGBWW
YYYYYYYYYYYYYYYLFOIRXGBWW
YYYYYYYYYYYYYYYLFOIRXGBWW
YYYYYYYYYYYYYYYLFOIRXGBWW
YYYYYYYYYYYYYYYLFOIRXGBWW
YYYYYYYYYYYYYYYLFOIRXGBWW
YYYYYYYYYYYYYYYLFOIRXGBWW
YYYYYYYYYYYYYYYLFOIRXGBWW
YYYYYYYYYYYYYYYLFOIRXGBWW
YYYYYYYYYYYYYYYLFOIRXGBWW
Case #89:
CCCCCCCCCCYJKZRFFFFFFFFFF
CCCCCCCCCCYJKZRFFFFFFFFFF
CCCCCCCCCCYJKZRFFFFFFFFFF
CCCCCCCCCCYJKZRFFFFFFFFFF
CCCCCCCCCCYJKZRFFFFFFFFFF
CCCCCCCCCCYJKZRFFFFFFFFFF
CCCCCCCCCCYJKZRFFFFFFFFFF
CCCCCCCCCCYJKZRFFFFFFFFFF
CCCCCCCCCCYJKZRFFFFFFFFFF
CCCCCCCCCCYJKZRFFFFFFFFFF
CCCCCCCCCCYJKZRFFFFFFFFFF
CCCCCCCCCCYJKZRFFFFFFFFFF
CCCCCCCCCCYJKZRFFFFFFFFFF
CCCCCCCCCCYJKZRFFFFFFFFFF
CCCCCCCCCCYJKZRFFFFFFFFFF
CCCCCCCCCCYJKZRFFFFFFFFFF
CCCCCCCCCCYJKZRMXGPPIIIII
CCCCCCCCCCYJKZRMXGPPIIIII
CCCCCCCCCCYJKZRMXGPPIIIII
CCCCCCCCCCYJKARMXGPPIIIII
CCCCCCCCCCYJKARMXGPPQQDVV
CCCCCCCCCCYJKARMXGPPQQDVV
CCCCCCCCCCYJKERMXGHWTODVV
CCCCCCCCCCLJKERMXGHWTOUVV
CCCCCCCCCCLJKERBXSHWTNUVV
Case #90:
ABCDEFGHIJKLMNOPQRSTUVWXY
ABCDEFGHIJKLMNOPQRSTUVWXY
ABCDEFGHIJKLMNOPQRSTUVWXY
ABCDEFGHIJKLMNOPQRSTUVWXY
ABCDEFGHIJKLMNOPQRSTUVWXY
ABCDEFGHIJKLMNOPQRSTUVWXY
ABCDEFGHIJKLMNOPQRSTUVWXY
ABCDEFGHIJKLMNOPQRSTUVWXY
ABCDEFGHIJKLMNOPQRSTUVWXY
ABCDEFGHIJKLMNOPQRSTUVWXY
ABCDEFGHIJKLMNOPQRSTUVWXY
ABCDEFGHIJKLMNOPQRSTUVWXY
ABCDEFGHIJKLMNOPQRSTUVWXY
ABCDEFGHIJKLMNOPQRSTUVWXY
ABCDEFGHIJKLMNOPQRSTUVWXY
ABCDEFGHIJKLMNOPQRSTUVWXY
ABCDEFGHIJKLMNOPQRSTUVWXY
ABCDEFGHIJKLMNOPQRSTUVWXY
ABCDEFGHIJKLMNOPQRSTUVWXY
ABCDEFGHIJKLMNOPQRSTUVWXY
ABCDEFGHIJKLMNOPQRSTUVWXY
ABCDEFGHIJKLMNOPQRSTUVWXY
ABCDEFGHIJKLMNOPQRSTUVWXY
ABCDEFGHIJKLMNOPQRSTUVWXY
ABCDEFGHIJKLMNOPQRSTUVWXY
Case #91:
HJJJJJJJJJJJJJJJJJJJJJJJJ
HJJJJJJJJJJJJJJJJJJJJJJJJ
HJJJJJJJJJJJJJJJJJJJJJJJJ
HJJJJJJJJJJJJJJJJJJJJJJJJ
HJJJJJJJJJJJJJJJJJJJJJJJJ
HJJJJJJJJJJJJJJJJJJJJJJJJ
HJJJJJJJJJJJJJJJJJJJJJJJJ
HJJJJJJJJJJJJJJJJJJJJJJJJ
HJJJJJJJJJJJJJJJJJJJJJJJJ
HJJJJJJJJJJJJJJJJJJJJJJJJ
HJJJJJJJJJJJJJJJJJJJJJJJJ
HKKKKKKKKKKKKKKKKKKKKKKKK
HKKKKKKKKKKKKKKKKKKKKKKKK
TWWWDDDDQQQQQQQQQQQQQQQQQ
TCCBDDDDQQQQQQQQQQQQQQQQQ
TLNMDDDDQQQQQQQQQQQQQQQQQ
TLNMDDDDQQQQQQQQQQQQQQQQQ
TLNMFFFFQQQQQQQQQQQQQQQQQ
TLNMSVVPQQQQQQQQQQQQQQQQQ
TRNMSVVPQQQQQQQQQQQQQQQQQ
TRNMGXIPQQQQQQQQQQQQQQQQQ
TRNMGXIPAAZUUUUUUUUUUUUUU
TRNMGXEPAAZUUUUUUUUUUUUUU
TRNMGXYPAAZOOOOOOOOOOOOOO
TRNMGXYPAAZOOOOOOOOOOOOOO
Case #92:
AAAAAAAAAAABBBBBBBBBBBBBB
AAAAAAAAAAABBBBBBBBBBBBBB
CCCCCCCEEEEBBBBBBBBBBBBBB
CCCCCCCEEEEDDDDDDDDDDFHIJ
CCCCCCCEEEEDDDDDDDDDDFHIJ
CCCCCCCEEEEDDDDDDDDDDFHIJ
CCCCCCCEEEEDDDDDDDDDDFHIJ
CCCCCCCEEEEDDDDDDDDDDFHIJ
CCCCCCCEEEEDDDDDDDDDDFHIJ
CCCCCCCEEEEDDDDDDDDDDFHIJ
CCCCCCCEEEEDDDDDDDDDDFHIJ
CCCCCCCEEEEDDDDDDDDDDFHIJ
CCCCCCCEEEEDDDDDDDDDDFHIJ
CCCCCCCEEEEDDDDDDDDDDFHIJ
CCCCCCCEEEEDDDDDDDDDDFHIJ
CCCCCCCEEEEDDDDDDDDDDFHIJ
CCCCCCCEEEEDDDDDDDDDDFHIJ
CCCCCCCEEEEDDDDDDDDDDFHIJ
CCCCCCCEEEEDDDDDDDDDDFHIJ
CCCCCCCEEEEDDDDDDDDDDFHIJ
CCCCCCCEEEEDDDDDDDDDDFHIJ
CCCCCCCEEEEDDDDDDDDDDGHIJ
CCCCCCCEEEEDDDDDDDDDDGHIJ
CCCCCCCEEEEDDDDDDDDDDGHIJ
CCCCCCCEEEEDDDDDDDDDDGHIJ
Case #93:
NNNNNNNNNNNKKDPGCCSMMJHHE
NNNNNNNNNNNKKDPGCCSMMJHHE
NNNNNNNNNNNKKDPGCCSMMJHHE
NNNNNNNNNNNKKDPGCCSMMJHHE
NNNNNNNNNNNKKDPGCCSMMJHHE
NNNNNNNNNNNKKDPGCCSMMJHHE
NNNNNNNNNNNKKDPGCCSMMJHHE
XXXXXXOOOLLKKDPGCCSMMJHHE
XXXXXXOOOLLKKDPGCCSMMJHHE
XXXXXXOOOLLKKDPGCCSMMJHHE
XXXXXXOOOLLKKDPGCCSMMJHHE
XXXXXXOOOLLKKDPGCCSUUJHHE
RRIAAAOOOLLKKFPGCCSUUJHHE
RRIAAAOOOLLKKFPGCCSUUJHHE
RRIAAAOOOLLKKFPGCCSUUJHHE
RRIAAAOOOLLKKFPGCCSUUJHHE
RRIAAAOOOLLKKFBGCCSUUJHHE
RRIAAAOOOLLKKFBGCCSUUJHHE
RRIAAAOOOLLKKFBGCCSUUJHHE
RRIWWVOOOLLKKFBGCCSUUJHHE
RRIWWVOOOLLKKFBGCCSUUJHHE
RRIWWVOOOLLKKFBGCCSUUJHHE
RRIWWVOOOLLKKFYGCCTUUJHHE
RRIWWZOOOLLKKFYGCCQUUJHHE
RRIWWZOOOLLKKFYGCCQUUJHHE
Case #94:
UGRRJSETTOPQQKCBLFFFFFFF
UGRRJSETTOPQQKCBLFFFFFFF
UGRRJSETTOPQQKCBLFFFFFFF
UGRRJSETTOPQQKCBLFFFFFFF
UGRRJSETTOPQQKCBLFFFFFFF
UGRRJSETTOPQQKCBLFFFFFFF
UGRRJSETTOPQQKCBLFFFFFFF
UGRRJSETTOPQQKCBLFFFFFFF
UGRRJSETTOPQQKCBLVVYYYYY
UGRRJSETTOPQQKCBLVVYYYYY
UGRRJSETTOPQQKCBLVVYYYYY
UGRRJSETTOPQQKCBLVVHHHHM
UGRRJSETTOPQQKCBLDDHHHHM
UGRRJSETTOPQQKCBLDDHHHHM
UGRRJSETTOPQQKCBLDDHHHHM
UGRRJSXTTOPQQKCBLDDHHHHM
UGRRJSXTTOPQQKCBLDDHHHHM
UGRRJSXTTOPQQKCBLDDHHHHM
UGRRJSXTTOPQQKCBLDDHHHHM
UGRRJSXTTOPQQKCBLDDHHHHM
UGRRJSXTTOPQQKCBLDDAAIIM
UGRRWSXTTOPQQKCBLDDAAIIM
UGRRWSXTTOPQQKCBLDDAAIIM
UGRRWSXNNOPQQKCBLDDAAIIM
UGRRWSXNNOPQQKCBLDDAAIIM
Case #95:
YJUTVVVXXWGGGESDDPAFZMRRR
YJUTVVVXXWGGGESDDPAFZMRRR
YJUTVVVXXWGGGESDDPAFZMRRR
YJUTVVVXXWGGGESDDPAFZMRRR
YJUTVVVXXWGGGESDDPAFZMRRR
YJUTVVVXXWGGGESDDPAFZMRRR
YJUTVVVXXWGGGESDDPAFZMRRR
YJUTVVVXXWGGGESDDPAFZMRRR
YJUTVVVXXWGGGESDDPAFZMRRR
YJUTVVVXXWGGGESDDPAFZMRRR
YJUTVVVXXWGGGESDDPAFZMRRR
YJUTVVVXXWGGGESDDPAFZMKHH
YJUTVVVXXWGGGESDDPAFZMKHH
YJUTVVVXXWGGGESDDPAFZMKHH
YJUTVVVXXWGGGESDDPAFZMKHH
YJUTVVVXXWGGGESDDPAFZMKHH
YJULBBBXXWGGGESDDPAFZMKHH
YJULBBBXXWGGGESDDPAFZMKHH
YJULBBBXXWGGGESDDPAFZMKHH
YJULBBBXXWGGGESDDPIQZMKHH
YJULBBBXXWGGGESDDPIOZMKHH
YJULBBBXXWGGGESDDPIOZMKHH
YJULBBBNNWGGGESDDPIOZMKHH
YJULBBBNNWGGGESDDPIOZMKHH
YJULBBBNNWGGGESDDCIOZMKHH
Case #96:
FFFFFFFFFFFICCZZMMLESSSSS
FFFFFFFFFFFICCZZMMLESSSSS
FFFFFFFFFFFICCZZMMLESSSSS
FFFFFFFFFFFICCZZMMLESSSSS
FFFFFFFFFFFICCZZMMLESSSSS
FFFFFFFFFFFICCZZMMLESSSSS
FFFFFFFFFFFICCZZMMLESSSSS
FFFFFFFFFFFICCZZMMLESSSSS
FFFFFFFFFFFICCZZMMLESSSSS
FFFFFFFFFFFICCZZMMLESSSSS
FFFFFFFFFFFICCZZMMLESSSSS
FFFFFFFFFFFICCZZMMLESSSSS
FFFFFFFFFFFICCZZMMLESSSSS
FFFFFFFFFFFICCZZMMLESSSSS
FFFFFFFFFFFICCZZMMLESSSSS
FFFFFFFFFFFICCZZHDLESSSSS
FFFFFFFFFFFICCVYRDLEJJJJJ
FFFFFFFFFFFICCVARDLEJJJJJ
FFFFFFFFFFFOCCVARDLEJJJJJ
FFFFFFFFFFFOCCVARDLBJJJJJ
FFFFFFFFFFFOCCUARDNGJJJJJ
FFFFFFFFFFFOCCUQRKNPJJJJJ
FFFFFFFFFFFOTTUQRKNPJJJJJ
FFFFFFFFFFFOTTUQXKWPJJJJJ
FFFFFFFFFFFOTTUQXKWPJJJJJ
Case #97:
AAAAAAAAAAAAAAAAAAAAAAAAA
BBBBBBBBBBBBBBBBBBBBBBBBB
CCCCCCCCCCCCCCCCCCCCCCCCC
DDDDDDDDDDDDDDDDDDDDDDDDD
EEEEEEEEEEEEEEEEEEEEEEEEE
FFFFFFFFFFFFFFFFFFFFFFFFF
GGGGGGGGGGGGGGGGGGGGGGGGG
HHHHHHHHHHHHHHHHHHHHHHHHH
IIIIIIIIIIIIIIIIIIIIIIIII
JJJJJJJJJJJJJJJJJJJJJJJJJ
KKKKKKKKKKKKKKKKKKKKKKKKK
LLLLLLLLLLLLLLLLLLLLLLLLL
MMMMMMMMMMMMMMMMMMMMMMMMM
NNNNNNNNNNNNNNNNNNNNNNNNN
OOOOOOOOOOOOOOOOOOOOOOOOO
PPPPPPPPPPPPPPPPPPPPPPPPP
QQQQQQQQQQQQQQQQQQQQQQQQQ
RRRRRRRRRRRRRRRRRRRRRRRRR
SSSSSSSSSSSSSSSSSSSSSSSSS
TTTTTTTTTTTTTTTTTTTTTTTTT
UUUUUUUUUUUUUUUUUUUUUUUUU
VVVVVVVVVVVVVVVVVVVVVVVVV
WWWWWWWWWWWWWWWWWWWWWWWWW
XXXXXXXXXXXXXXXXXXXXXXXXX
YYYYYYYYYYYYYYYYYYYYYYYYY
Case #98:
QETTRIWXUCABBBBYYSSSSNZZZ
QETTRIWXUCABBBBYYSSSSNZZZ
QETTRIWXUCABBBBYYSSSSNZZZ
QETTRIWXUCABBBBYYSSSSNZZZ
QETTRIWXUCABBBBYYSSSSNZZZ
QETTRIWXUCABBBBYYSSSSNZZZ
QETTRIWXUCABBBBYYSSSSNZZZ
QETTRIWXUCABBBBYYSSSSNZZZ
QETTRIWXUCABBBBYYSSSSNZZZ
QETTRJWXUCABBBBYYSSSSNZZZ
QETTRJWXUKAMDOOPPSSSSNZZZ
QETTRJWXUKAMDOOPPSSSSNZZZ
QETTRJWXUKAMDOOPPSSSSNZZZ
QETTRJWXUHAMDOOPPSSSSNZZZ
QETTRJWXUHAMDOOPPSSSSNZZZ
QETTRJWXUHAMDOOPPSSSSNZZZ
QETTRJWXUHAMDOOPPSSSSNZZZ
QETTVJWXUHAMDOOPPSSSSNZZZ
QETTVJWXUHAMDOOPPSSSSNZZZ
QETTVJWXUHAMDOOPPSSSSNZZZ
QETTVJWXUHAMDOOPPSSSSNZZZ
QETTVJWXUHAMDOOPPSSSSGZZZ
QETTVJWXUHAMDOOPPSSSSGZZZ
QELLVJWXUHAMDOOPPSSSSGZZZ
FELLVJWXUHAMDOOPPSSSSGZZZ
Case #99:
AA
AA
Case #100:
KKKKUHHMNPPBSSSCLLJDDOVRY
KKKKUHHMNPPBSSSCLLJDDOVRY
KKKKUHHMNPPBSSSCLLJDDOVRY
KKKKUHHMNPPBSSSCLLJDDOVRY
KKKKUHHMNPPBSSSCLLJDDOVRY
KKKKUHHMNPPBSSSCLLJDDOVRY
KKKKUHHMNPPBSSSCLLJDDOVRY
KKKKUHHMNPPBSSSCLLJDDOVRY
KKKKUHHMNPPBSSSCLLJDDOVRY
KKKKUHHMNPPBSSSCLLJDDOVRY
KKKKFHHMNPPBSSSCLLJDDOVRY
KKKKFHHMNPPBSSSCLLJDDOVRY
KKKKFHHMNPPBSSSCLLJDDOVRY
KKKKFHHMNPPBZZWCLLJDDOVRY
KKKKFHHMNPPBZZWCLLJDDOVRY
KKKKFEEMNPPBZZWCLLJDDOVRY
KKKKFEEMNPPBZZWCLLJDDOVRY
KKKKFEEMNAABZZWCLLJDDOVRY
KKKKFEEMNAABZZWCLLJDDOVRY
KKKKFEEMNAABZZWCLLJDDOVRY
KKKKFEEMNAABZZWCXXJDDOVRY
KKKKFEEMNAABZZWCXXJDDOVRY
KKKKFEEMNAABZZWCXXJDDOVRY
KKKKFEEMNAABZZWCXXJDDGVRY
TTTTFEEMNAABZZWCXXJDDGQRI
