Case #1:
GCJ
GCJ
GCJ
Case #2:
CODE
CODE
CJAM
Case #3:
CA
KE
Case #4:
BEDD
BEDD
ACDD
Case #5:
CDAE
CDAE
CDAB
Case #6:
AABBCCDDEEFF
Case #7:
AAA
AAA
Case #8:
DBC
DBC
ABF
ABE
Case #9:
AAAA
DBBE
CBBE
Case #10:
BBBB
FDDD
CEAA
Case #11:
AA
AA
Case #12:
CBA
FDH
EGH
EGH
Case #13:
DFF
DFF
DEA
DCB
Case #14:
AFE
AFE
DFB
CFB
Case #15:
FBE
FBE
FDA
FCA
Case #16:
CCJJ
CCJJ
CCJJ
Case #17:
AB
AB
CB
CD
ED
EF
Case #18:
FGI
AHE
BCE
DCE
Case #19:
ACB
ACB
DCE
DFE
Case #20:
EAAA
DBBB
CBBB
Case #21:
ACBB
DEBB
DEBB
Case #22:
IAE
CBH
DKG
JFG
Case #23:
IEDB
CGJA
FKHA
Case #24:
AAEB
AACB
DDCB
Case #25:
DAB
DCB
ECB
FCB
Case #26:
EEB
DDC
FFC
FFA
Case #27:
ABBB
DEFF
CEFF
Case #28:
ABCD
ABCD
ABCD
Case #29:
CAB
FHE
GDE
GDE
Case #30:
BBB
ADD
FGC
EGC
Case #31:
DCF
DCF
DCF
ABE
Case #32:
BFA
BFE
DFE
CFE
Case #33:
AAAB
AAAB
Case #34:
AFF
CEB
DGB
DGB
Case #35:
AAAA
BBBB
CCCC
Case #36:
DGG
DAA
CIF
HBE
Case #37:
DCB
ACE
Case #38:
FEE
FBA
FBA
FDC
Case #39:
CC
BA
Case #40:
JCKE
GADL
HIFB
Case #41:
EDA
CFB
Case #42:
BBA
BBA
Case #43:
AB
Case #44:
AA
Case #45:
CCC
AAB
Case #46:
FDBJ
CGIE
CKAH
Case #47:
A
A
B
B
C
C
D
D
E
E
F
F
Case #48:
EBAD
EBAD
EBCD
Case #49:
DAAA
DBEC
DBEC
Case #50:
BFEA
DCEA
DCEA
Case #51:
CD
AB
Case #52:
ABCD
ABCD
ABCD
Case #53:
ADBECF
ADBECF
Case #54:
A
Case #55:
CCED
CCEA
BBEA
Case #56:
AAAA
BBBB
CCCC
Case #57:
ACI
ACB
AHD
GEF
Case #58:
BCCA
BCCA
BEDA
Case #59:
ACBD
ACBD
ECFD
Case #60:
BA
BA
BA
BA
Case #61:
ACDE
ACDE
BCDF
Case #62:
CAF
CAF
CBD
CBE
Case #63:
FIAA
HEGG
BCDJ
Case #64:
IAH
KJD
BEG
CFG
Case #65:
BB
AA
Case #66:
ABC
Case #67:
FEC
FEC
FDC
FBA
Case #68:
A
A
Case #69:
BEF
BEF
BEC
BDA
Case #70:
EBDA
CBDA
CBDA
Case #71:
HEE
CGG
DBF
AIF
Case #72:
EECD
EECD
ABCD
Case #73:
AAA
Case #74:
EDDA
EDDA
ECCB
Case #75:
ADB
ACE
ACE
ACE
Case #76:
ABCC
ABCC
ABCC
Case #77:
ABC
DBC
DBE
Case #78:
CBBB
CBBB
CDAE
Case #79:
AAB
CEB
CED
CEF
Case #80:
DD
DD
BB
BB
CE
AE
Case #81:
BBD
ACD
Case #82:
CDF
CDE
CDE
CBA
Case #83:
ABCD
ABCD
ABCD
Case #84:
EDD
CAF
BGF
BGF
Case #85:
AAAA
BBBB
CCCC
Case #86:
CCAA
CCDB
CCEB
Case #87:
B
A
Case #88:
DAA
DBB
DEC
DFC
Case #89:
DGGG
BAFF
ECFF
Case #90:
ABCD
ABCE
ABCE
Case #91:
JII
GAH
KEB
CFD
Case #92:
EDCH
EDBI
EFGA
Case #93:
ACB
AEB
FDB
FDB
Case #94:
BBA
Case #95:
AEBC
AEDC
AEDC
Case #96:
BECD
GHAF
GHIF
Case #97:
CEG
CJA
BHD
BIF
Case #98:
ADE
BDE
CDE
Case #99:
EKCB
AHFG
JIDG
Case #100:
ECCC
EADB
EADB
