Case #1: 2526 2525
Case #2: 2405 12000
Case #3: 302 600
Case #4: 180 7200
Case #5: 150 5400
Case #6: 44769730 89539456
Case #7: 31326415 167473750596
Case #8: 42317693 128128805620
Case #9: 256117101 5378458680
Case #10: 65951996 30535559779
Case #11: 138892552 1288559016172
Case #12: 82705479 513231688238
Case #13: 103178378 673402671477
Case #14: 110589048 375548874192
Case #15: 239577148 1957038989451
Case #16: 48958025 38872041414
Case #17: 189119241 96828789248
Case #18: 43013204 238950492288
Case #19: 192656827 1781412172260
Case #20: 113498305 395869921696
Case #21: 55467928 401979008640
Case #22: 21127546 83586041673
Case #23: 106747674 541825427448
Case #24: 18429401 44022131668
Case #25: 94124543 268340943892
Case #26: 234796498 1223262610480
Case #27: 3633604 23659449363
Case #28: 79327190 311661092469
Case #29: 140026032 563728596156
Case #30: 150668425 259297397584
Case #31: 1000000001 1000000000
Case #32: 1000009999 9999999990000
Case #33: 703377840 50643199296
Case #34: 510100478 156600752497
Case #35: 146419169 143929076838
Case #36: 306017655 1885336814534
Case #37: 248152609 51119395018
Case #38: 242244431 436521217458
Case #39: 155636994 566349778845
Case #40: 653647657 2147221762020
Case #41: 420500447 3005686101252
Case #42: 17422501 12473998060
Case #43: 527508277 2135337118992
Case #44: 447941431 3832065754180
Case #45: 608683732 2212552152595
Case #46: 439262238 2054846865680
Case #47: 150866340 1004272909731
Case #48: 104828367 264475604412
Case #49: 604942749 2280619950830
Case #50: 610915903 852836651772
Case #51: 308618558 457987737816
Case #52: 607064118 5286845556981
Case #53: 347172655 168378502450
Case #54: 162919048 715032438351
Case #55: 391811063 1070812165890
Case #56: 61937580 165118480724
Case #57: 679715647 2939071760652
Case #58: 622844797 2371155648930
Case #59: 133595481 734611311018
Case #60: 325046079 3142452021548
Case #61: 26111357 236773836306
Case #62: 530416287 1108565671730
Case #63: 469816876 458540318400
Case #64: 630749281 2095968818434
Case #65: 634433932 4341384570027
Case #66: 599515815 1003586672034
Case #67: 639958785 1349028675116
Case #68: 621073670 5500771048741
Case #69: 501420630 2769817045544
Case #70: 315468079 2744181146620
Case #71: 226603351 67527709794
Case #72: 202220048 1184975141680
Case #73: 647299676 4638498126660
Case #74: 209212719 1942872272984
Case #75: 198514948 1504685849440
Case #76: 628489387 4904041799952
Case #77: 88518052 877204185451
Case #78: 209628416 247779390588
Case #79: 53278419 302908759838
Case #80: 179156568 950576596172
Case #81: 391579465 3518260762800
Case #82: 531265185 3801682455524
Case #83: 464435348 2578514227392
Case #84: 18067128 10352136015
Case #85: 658629338 3301683741225
Case #86: 59588498 240780790737
Case #87: 215690479 127041345210
Case #88: 530894606 392330567713
Case #89: 602603631 5340194842878
Case #90: 45520860 376434623619
Case #91: 322753155 2432533722866
Case #92: 37653222 246811542296
Case #93: 428467073 227944199812
Case #94: 333497024 726351774588
Case #95: 480360044 2584308092320
Case #96: 416141503 4080587420782
Case #97: 64636226 639283695928
Case #98: 665930929 5735588907708
Case #99: 568616024 3768174473919
Case #100: 189330 57086456
