Case #1: 1 0
Case #2: 1 0
Case #3: 1 1
Case #4: 0 0
Case #5: 500 499
Case #6: 0 0
Case #7: 1 0
Case #8: 1 0
Case #9: 0 0
Case #10: 1 0
Case #11: 0 0
Case #12: 0 0
Case #13: 0 0
Case #14: 0 0
Case #15: 1 0
Case #16: 0 0
Case #17: 0 0
Case #18: 1 0
Case #19: 1 0
Case #20: 1 0
Case #21: 0 0
Case #22: 1 0
Case #23: 0 0
Case #24: 2 2
Case #25: 0 0
Case #26: 1 0
Case #27: 7812 7811
Case #28: 0 0
Case #29: 0 0
Case #30: 0 0
Case #31: 0 0
Case #32: 499999 499999
Case #33: 1 1
Case #34: 1 0
Case #35: 0 0
Case #36: 0 0
Case #37: 0 0
Case #38: 1 0
Case #39: 0 0
Case #40: 0 0
Case #41: 1 0
Case #42: 1 0
Case #43: 0 0
Case #44: 3 2
Case #45: 250000 249999
Case #46: 1 1
Case #47: 0 0
Case #48: 0 0
Case #49: 0 0
Case #50: 1 1
Case #51: 0 0
Case #52: 0 0
Case #53: 0 0
Case #54: 1 0
Case #55: 0 0
Case #56: 500000 499999
Case #57: 1 1
Case #58: 0 0
Case #59: 3905 3905
Case #60: 0 0
Case #61: 1 1
Case #62: 0 0
Case #63: 1 0
Case #64: 1 1
Case #65: 3906 3905
Case #66: 1 1
Case #67: 249999 249999
Case #68: 0 0
Case #69: 250000 249999
Case #70: 125000 124999
Case #71: 1 0
Case #72: 0 0
Case #73: 0 0
Case #74: 3 2
Case #75: 7812 7811
Case #76: 1 0
Case #77: 0 0
Case #78: 0 0
Case #79: 1 1
Case #80: 0 0
Case #81: 0 0
Case #82: 1 0
Case #83: 0 0
Case #84: 3906 3905
Case #85: 1953 1952
Case #86: 1 1
Case #87: 0 0
Case #88: 3 2
Case #89: 0 0
Case #90: 0 0
Case #91: 1 1
Case #92: 0 0
Case #93: 0 0
Case #94: 1 0
Case #95: 0 0
Case #96: 0 0
Case #97: 0 0
Case #98: 0 0
Case #99: 0 0
Case #100: 2 1
