3 1
Case #1: 0.583333333333
4 1
Case #2: 1.2
10 1
Case #3: 430.154878167
10 1
Case #4: 80.5344356304
10 1
Case #5: 99.8349436669
10 1
Case #6: 70.2303370749
10 1
Case #7: 170.139511495
10 1
Case #8: 343.321361279
4 1
Case #9: 3.5
10 1
Case #10: 43.7432045422
10 1
Case #11: 88.2018746418
10 1
Case #12: 74.5908647405
10 1
Case #13: 67.5141921497
10 1
Case #14: 65.915222262
10 1
Case #15: 889.264852623
10 1
Case #16: 138.845144157
10 1
Case #17: 1208.06843062
10 1
Case #18: 83.7218516417
10 1
Case #19: 280.94064613
10 1
Case #20: 69.1931364435
4 1
Case #21: 1.13333333333
100 1
Case #22: 99000000000.0
10 1
Case #23: 63.9491676968
10 1
Case #24: 465.105355689
10 1
Case #25: 97.551704194
50 1
Case #26: 170867084.047
10 1
Case #27: 233.219371362
10 1
Case #28: 72.5748883941
10 1
Case #29: 148.423193424
10 1
Case #30: 82.0806936507
10 1
Case #31: 72.2444369762
20 1
Case #32: 45206748.0841
10 1
Case #33: 56.3988050926
10 1
Case #34: 132.576841435
20 1
Case #35: 62700608.0198
10 1
Case #36: 235.66773259
10 1
Case #37: 87.847690921
10 1
Case #38: 216.251958414
10 1
Case #39: 44.4394219504
10 1
Case #40: 403.764734949
10 1
Case #41: 122.519242478
30 1
Case #42: 51471009.6528
10 1
Case #43: 78.5326812502
4 1
Case #44: 2.33333333333
10 1
Case #45: 88.8621178926
10 1
Case #46: 103.899333765
10 1
Case #47: 113.455047493
10 1
Case #48: 190.696550339
4 1
Case #49: 1.13333333333
10 1
Case #50: 81.4885210619
10 1
Case #51: 102.380944861
100 1
Case #52: 150074553.462
10 1
Case #53: 97.6748701573
10 1
Case #54: 49.675823966
10 1
Case #55: 132.952623715
10 1
Case #56: 34.0746992307
10 1
Case #57: 111.040517573
10 1
Case #58: 170.704575234
10 1
Case #59: 39.3201814977
100 1
Case #60: 98499999999.5
10 1
Case #61: 136.387572782
10 1
Case #62: 137.078213082
10 1
Case #63: 146.856890258
10 1
Case #64: 709.815836232
10 1
Case #65: 218.509947116
10 1
Case #66: 126.697752913
10 1
Case #67: 133.534007391
20 1
Case #68: 34622737.5376
10 1
Case #69: 122.400910164
10 1
Case #70: 39.2962170149
10 1
Case #71: 1679.27715444
4 1
Case #72: 1.8
10 1
Case #73: 35.8862604835
10 1
Case #74: 135.057791826
100 1
Case #75: 972200671.229
10 1
Case #76: 49.3645328386
10 1
Case #77: 427.087940821
10 1
Case #78: 81.2095180435
10 1
Case #79: 85.5457152866
10 1
Case #80: 69.9321211663
10 1
Case #81: 110.796991058
10 1
Case #82: 183.613637995
10 1
Case #83: 913.111067501
4 1
Case #84: 0.916666666667
10 1
Case #85: 2361.71830813
4 1
Case #86: 0.966666666667
30 1
Case #87: 34736400.9318
4 1
Case #88: 1.25
10 1
Case #89: 139.323106149
10 1
Case #90: 91.8698355071
10 1
Case #91: 259.778287754
10 1
Case #92: 101.614838108
10 1
Case #93: 128.609032448
10 1
Case #94: 224.969808938
10 1
Case #95: 185.221735288
10 1
Case #96: 145.231980616
10 1
Case #97: 70.7999847807
10 1
Case #98: 81.9788421824
3 1
Case #99: 1.5
