Case #1: SOUP
Case #2: AMBIGUOUS
Case #3: AMBIGUOUS
Case #4: GDWK
Case #5: QTAK
Case #6: NZBU
Case #7: IYAR
Case #8: OTII
Case #9: UTRG
Case #10: BAZZ
Case #11: EFNI
Case #12: EK
Case #13: ZKNJ
Case #14: AMBIGUOUS
Case #15: AMBIGUOUS
Case #16: WTVL
Case #17: BULG
Case #18: SUTB
Case #19: APEA
Case #20: AMBIGUOUS
Case #21: AMBIGUOUS
Case #22: AMBIGUOUS
Case #23: VGYH
Case #24: AMBIGUOUS
Case #25: GBTL
Case #26: TOSL
Case #27: SQ
Case #28: LVLV
Case #29: AMBIGUOUS
Case #30: YSCY
Case #31: CMWR
Case #32: QIDS
Case #33: DIQO
Case #34: JSIC
Case #35: AMBIGUOUS
Case #36: LOBI
Case #37: LYBS
Case #38: EPWA
Case #39: WCYS
Case #40: WUUK
Case #41: RRNG
Case #42: AMBIGUOUS
Case #43: AMBIGUOUS
Case #44: AMBIGUOUS
Case #45: NTJO
Case #46: AMBIGUOUS
Case #47: RMEA
Case #48: WW
Case #49: YIRG
Case #50: IPRB
Case #51: UA
Case #52: WSOK
Case #53: IYYK
Case #54: HCHE
Case #55: DDHF
Case #56: UQUT
Case #57: GBJB
Case #58: AMBIGUOUS
Case #59: FY
Case #60: AMBIGUOUS
Case #61: AMBIGUOUS
Case #62: YDLK
Case #63: MQQO
Case #64: KWWX
Case #65: LJGD
Case #66: ZJSO
Case #67: ESYM
Case #68: HEQY
Case #69: AAAA
Case #70: HPFR
Case #71: SOTC
Case #72: KGEX
Case #73: INVE
Case #74: JOXA
Case #75: YREH
Case #76: GYGP
Case #77: BPUK
Case #78: UPAZ
Case #79: NYIO
Case #80: AMBIGUOUS
Case #81: KBEE
Case #82: HAJZ
Case #83: ICFJ
Case #84: LL
Case #85: HA
Case #86: AA
Case #87: VULT
Case #88: KK
Case #89: RW
Case #90: XOTY
Case #91: UF
Case #92: II
Case #93: OLQL
Case #94: NJWY
Case #95: SVQB
Case #96: BLWY
Case #97: OCUJ
Case #98: WU
Case #99: VOOD
Case #100: JOKH
